TN:
SF:src/MoreVaultsDiamond.sol
DA:17,11
FN:17,MoreVaultsDiamond.constructor
FNDA:11,MoreVaultsDiamond.constructor
DA:27,11
DA:28,11
DA:29,11
DA:30,11
DA:37,11
DA:38,11
DA:41,11
DA:47,11
DA:49,11
DA:51,11
DA:52,11
DA:54,11
DA:55,11
BRDA:55,0,0,4
DA:56,4
DA:58,11
DA:63,5
FN:63,MoreVaultsDiamond.fallback
FNDA:5,MoreVaultsDiamond.fallback
DA:64,5
DA:65,5
DA:68,0
DA:71,5
DA:72,5
BRDA:72,1,0,1
DA:73,1
DA:78,0
DA:80,0
DA:82,0
DA:85,0
DA:86,0
DA:88,0
DA:89,0
DA:94,2
FN:94,MoreVaultsDiamond.receive
FNDA:2,MoreVaultsDiamond.receive
DA:95,2
DA:97,2
BRDA:97,2,0,1
DA:98,1
FNF:3
FNH:3
LF:34
LH:26
BRF:3
BRH:3
end_of_record
TN:
SF:src/adapters/cross-chain/LzAdapter.sol
DA:101,152
FN:101,LzAdapter.constructor
FNDA:152,LzAdapter.constructor
DA:109,152
DA:110,152
DA:111,152
DA:112,152
DA:113,152
DA:119,21
FN:119,LzAdapter.paused
FNDA:21,LzAdapter.paused
DA:125,21
DA:131,12
FN:131,LzAdapter.quoteBridgeFee
FNDA:12,LzAdapter.quoteBridgeFee
DA:134,12
DA:139,12
DA:143,12
DA:149,1
FN:149,LzAdapter.quoteReadFee
FNDA:1,LzAdapter.quoteReadFee
DA:154,1
DA:155,1
DA:166,3
FN:166,LzAdapter.pause
FNDA:3,LzAdapter.pause
DA:167,0
DA:173,2
FN:173,LzAdapter.unpause
FNDA:2,LzAdapter.unpause
DA:174,0
DA:180,2
FN:180,LzAdapter.pauseEid
FNDA:2,LzAdapter.pauseEid
DA:181,2
DA:182,2
DA:188,1
FN:188,LzAdapter.unpauseEid
FNDA:1,LzAdapter.unpauseEid
DA:189,1
DA:190,1
DA:193,3
FN:193,LzAdapter.isEidPaused
FNDA:3,LzAdapter.isEidPaused
DA:194,3
DA:200,3
FN:200,LzAdapter.setSlippage
FNDA:3,LzAdapter.setSlippage
DA:201,3
BRDA:201,0,0,1
DA:202,2
DA:208,2
FN:208,LzAdapter.setReadChannel
FNDA:2,LzAdapter.setReadChannel
DA:212,2
DA:216,2
DA:222,1
FN:222,LzAdapter.setComposer
FNDA:1,LzAdapter.setComposer
DA:223,1
BRDA:223,1,0,-
DA:224,1
DA:226,1
DA:229,0
FN:229,LzAdapter.setGasLimit
FNDA:0,LzAdapter.setGasLimit
DA:230,0
DA:232,0
DA:238,11
FN:238,LzAdapter.executeBridging
FNDA:11,LzAdapter.executeBridging
DA:241,11
DA:247,11
DA:251,11
DA:263,1
FN:263,LzAdapter.initiateCrossChainAccounting
FNDA:1,LzAdapter.initiateCrossChainAccounting
DA:269,1
BRDA:269,2,0,-
DA:270,0
DA:272,1
DA:274,1
DA:282,1
DA:291,5
FN:291,LzAdapter.lzReduce
FNDA:5,LzAdapter.lzReduce
DA:295,5
BRDA:295,3,0,2
DA:296,3
DA:297,3
DA:298,3
DA:299,7
DA:303,7
BRDA:303,4,0,-
DA:304,7
DA:307,7
DA:310,3
DA:316,5
FN:316,LzAdapter.rescueToken
FNDA:5,LzAdapter.rescueToken
DA:321,5
BRDA:321,5,0,3
BRDA:321,5,1,-
DA:322,3
DA:323,3
BRDA:323,6,0,-
DA:325,2
DA:335,100
FN:335,LzAdapter.setTrustedOFTs
FNDA:100,LzAdapter.setTrustedOFTs
DA:339,100
BRDA:339,7,0,1
DA:341,99
DA:342,188
DA:344,188
DA:354,15
FN:354,LzAdapter.isTrustedOFT
FNDA:15,LzAdapter.isTrustedOFT
DA:355,15
DA:362,9
FN:362,LzAdapter.getTrustedOFTs
FNDA:9,LzAdapter.getTrustedOFTs
DA:363,9
DA:366,2
FN:366,LzAdapter._getCmd
FNDA:2,LzAdapter._getCmd
DA:373,2
DA:376,2
DA:381,2
DA:382,2
DA:392,2
DA:396,2
DA:408,2
DA:415,14
FN:415,LzAdapter._lzReceive
FNDA:14,LzAdapter._lzReceive
DA:422,14
DA:424,14
DA:425,14
BRDA:425,8,0,-
DA:427,14
DA:432,14
BRDA:432,9,0,3
DA:433,3
DA:436,14
DA:439,5
FN:439,LzAdapter._callbackToComposer
FNDA:5,LzAdapter._callbackToComposer
DA:440,5
BRDA:440,10,0,1
BRDA:440,10,1,-
DA:441,1
DA:443,4
DA:448,26
FN:448,LzAdapter._validateBridgeParams
FNDA:26,LzAdapter._validateBridgeParams
DA:454,26
BRDA:454,11,0,4
DA:455,4
DA:459,1
BRDA:459,12,0,1
DA:462,21
BRDA:462,13,0,1
DA:463,1
DA:468,11
FN:468,LzAdapter._executeBridging
FNDA:11,LzAdapter._executeBridging
DA:476,11
BRDA:476,14,0,2
DA:479,9
BRDA:479,15,0,1
DA:481,8
BRDA:481,16,0,-
BRDA:481,16,1,-
DA:482,0
DA:486,0
BRDA:486,17,0,-
DA:487,0
DA:492,8
DA:498,0
BRDA:498,18,0,-
DA:499,0
DA:503,8
BRDA:503,19,0,-
DA:504,0
DA:506,8
DA:508,8
DA:509,8
BRDA:509,20,0,8
BRDA:509,20,1,-
DA:510,8
DA:517,0
DA:524,8
DA:532,8
DA:544,12
FN:544,LzAdapter._quoteFee
FNDA:12,LzAdapter._quoteFee
DA:550,12
DA:552,12
DA:554,11
DA:556,12
DA:568,12
DA:569,11
DA:572,8
FN:572,LzAdapter._executeOFTSend
FNDA:8,LzAdapter._executeOFTSend
DA:579,8
DA:581,8
DA:583,8
DA:595,8
DA:596,8
BRDA:596,21,0,2
DA:598,6
DA:599,6
BRDA:599,22,0,-
BRDA:599,22,1,6
DA:600,0
DA:602,6
DA:604,6
DA:606,6
BRDA:606,23,0,1
DA:607,1
DA:608,1
DA:609,1
BRDA:609,24,0,-
DA:612,6
DA:620,188
FN:620,LzAdapter._setTrustedOFT
FNDA:188,LzAdapter._setTrustedOFT
DA:621,188
BRDA:621,25,0,2
DA:623,186
DA:624,186
BRDA:624,26,0,8
DA:625,8
DA:628,178
DA:630,174
BRDA:630,27,0,174
BRDA:630,27,1,4
DA:631,174
DA:634,4
DA:635,8
BRDA:635,28,0,4
DA:636,4
DA:639,4
DA:640,0
DA:643,4
DA:648,174
FNF:28
FNH:27
LF:157
LH:142
BRF:35
BRH:20
end_of_record
TN:
SF:src/facets/AccessControlFacet.sol
DA:11,37
FN:11,AccessControlFacet.INITIALIZABLE_STORAGE_SLOT
FNDA:37,AccessControlFacet.INITIALIZABLE_STORAGE_SLOT
DA:17,37
DA:20,1
FN:20,AccessControlFacet.facetName
FNDA:1,AccessControlFacet.facetName
DA:21,1
DA:24,1
FN:24,AccessControlFacet.facetVersion
FNDA:1,AccessControlFacet.facetVersion
DA:25,1
DA:28,37
FN:28,AccessControlFacet.initialize
FNDA:37,AccessControlFacet.initialize
DA:29,37
DA:32,37
DA:37,37
DA:38,37
DA:39,37
DA:41,37
DA:44,1
FN:44,AccessControlFacet.onFacetRemoval
FNDA:1,AccessControlFacet.onFacetRemoval
DA:45,1
DA:47,1
DA:53,6
FN:53,AccessControlFacet.setMoreVaultsRegistry
FNDA:6,AccessControlFacet.setMoreVaultsRegistry
DA:54,6
DA:55,5
BRDA:55,0,0,1
DA:56,1
DA:58,4
DA:60,4
DA:63,4
BRDA:63,1,0,1
DA:64,1
DA:67,3
DA:68,3
DA:71,3
DA:74,3
DA:75,3
DA:76,1
BRDA:76,2,0,1
DA:77,1
DA:81,2
DA:84,2
DA:85,3
DA:86,3
BRDA:86,3,0,1
DA:87,1
DA:90,2
DA:94,1
DA:100,4
FN:100,AccessControlFacet.transferOwnership
FNDA:4,AccessControlFacet.transferOwnership
DA:101,4
DA:102,4
DA:108,3
FN:108,AccessControlFacet.acceptOwnership
FNDA:3,AccessControlFacet.acceptOwnership
DA:109,3
DA:110,2
DA:111,2
DA:117,4
FN:117,AccessControlFacet.transferCuratorship
FNDA:4,AccessControlFacet.transferCuratorship
DA:118,4
DA:119,4
DA:125,4
FN:125,AccessControlFacet.transferGuardian
FNDA:4,AccessControlFacet.transferGuardian
DA:126,4
DA:127,4
DA:133,1
FN:133,AccessControlFacet.owner
FNDA:1,AccessControlFacet.owner
DA:134,1
DA:140,1
FN:140,AccessControlFacet.pendingOwner
FNDA:1,AccessControlFacet.pendingOwner
DA:141,1
DA:147,3
FN:147,AccessControlFacet.curator
FNDA:3,AccessControlFacet.curator
DA:148,3
DA:154,4
FN:154,AccessControlFacet.guardian
FNDA:4,AccessControlFacet.guardian
DA:155,4
DA:161,1
FN:161,AccessControlFacet.moreVaultsRegistry
FNDA:1,AccessControlFacet.moreVaultsRegistry
DA:162,1
FNF:15
FNH:15
LF:61
LH:61
BRF:4
BRH:4
end_of_record
TN:
SF:src/facets/BaseFacetInitializer.sol
DA:35,196
FN:35,BaseFacetInitializer.layoutInitializableStorage
FNDA:196,BaseFacetInitializer.layoutInitializableStorage
DA:40,196
DA:42,0
DA:49,196
FN:49,BaseFacetInitializer.initializerFacet
FNDA:196,BaseFacetInitializer.initializerFacet
DA:51,196
DA:54,1
BRDA:54,0,0,1
DA:55,1
DA:58,195
DA:59,195
BRDA:59,1,0,195
DA:60,195
DA:61,195
DA:66,194
BRDA:66,2,0,194
DA:67,194
DA:75,0
FN:75,BaseFacetInitializer.onlyInitializingFacet
FNDA:0,BaseFacetInitializer.onlyInitializingFacet
DA:76,0
BRDA:76,3,0,-
DA:77,0
DA:83,0
FN:83,BaseFacetInitializer._isConstructor
FNDA:0,BaseFacetInitializer._isConstructor
DA:89,0
DA:90,0
DA:92,0
DA:94,0
FNF:4
FNH:2
LF:21
LH:12
BRF:4
BRH:3
end_of_record
TN:
SF:src/facets/BridgeFacet.sol
DA:36,1
FN:36,BridgeFacet.INITIALIZABLE_STORAGE_SLOT
FNDA:1,BridgeFacet.INITIALIZABLE_STORAGE_SLOT
DA:42,1
DA:45,0
FN:45,BridgeFacet.facetName
FNDA:0,BridgeFacet.facetName
DA:46,0
DA:49,0
FN:49,BridgeFacet.facetVersion
FNDA:0,BridgeFacet.facetVersion
DA:50,0
DA:53,1
FN:53,BridgeFacet.initialize
FNDA:1,BridgeFacet.initialize
DA:56,1
DA:58,1
DA:61,1
FN:61,BridgeFacet.accountingBridgeFacet
FNDA:1,BridgeFacet.accountingBridgeFacet
DA:66,1
DA:68,1
DA:69,1
DA:70,1
DA:74,1
DA:75,2
DA:78,2
DA:79,2
DA:81,2
DA:84,1
DA:87,1
FN:87,BridgeFacet.onFacetRemoval
FNDA:1,BridgeFacet.onFacetRemoval
DA:88,1
DA:90,1
DA:92,1
DA:99,4
FN:99,BridgeFacet.setOraclesCrossChainAccounting
FNDA:4,BridgeFacet.setOraclesCrossChainAccounting
DA:100,4
DA:101,4
DA:103,4
DA:104,4
DA:109,4
DA:110,4
BRDA:110,0,0,1
DA:111,1
DA:113,3
BRDA:113,1,0,3
DA:114,3
DA:115,2
DA:118,2
DA:121,2
DA:126,1
BRDA:126,2,0,1
DA:127,1
DA:130,1
DA:134,2
BRDA:134,3,0,2
BRDA:134,3,1,-
DA:135,2
DA:138,2
DA:140,0
DA:146,2
DA:148,2
DA:151,2
FN:151,BridgeFacet.executeBridging
FNDA:2,BridgeFacet.executeBridging
DA:157,0
DA:159,2
DA:160,0
DA:161,2
DA:164,2
DA:167,1
BRDA:167,4,0,1
DA:168,1
DA:170,1
DA:171,1
DA:176,6
FN:176,BridgeFacet.initVaultActionRequest
FNDA:6,BridgeFacet.initVaultActionRequest
DA:181,6
DA:183,6
DA:184,6
DA:188,6
BRDA:188,5,0,6
DA:189,1
BRDA:189,6,0,1
DA:190,1
DA:192,5
DA:203,5
FN:203,BridgeFacet._createCrossChainRequest
FNDA:5,BridgeFacet._createCrossChainRequest
DA:211,5
DA:219,5
DA:220,5
DA:229,5
DA:232,5
FN:232,BridgeFacet.updateAccountingInfoForRequest
FNDA:5,BridgeFacet.updateAccountingInfoForRequest
DA:237,5
DA:239,5
DA:240,1
BRDA:240,7,0,1
DA:241,3
BRDA:241,8,0,3
DA:242,3
DA:248,4
DA:250,4
DA:253,3
FN:253,BridgeFacet.finalizeRequest
FNDA:3,BridgeFacet.finalizeRequest
DA:254,3
DA:256,3
DA:258,3
BRDA:258,9,0,1
DA:259,1
DA:261,2
BRDA:261,10,0,1
DA:262,1
DA:264,1
DA:266,1
DA:267,1
BRDA:267,11,0,1
BRDA:267,11,1,-
DA:268,1
DA:272,1
DA:280,0
DA:282,0
BRDA:282,12,0,-
BRDA:279,12,1,-
DA:283,0
DA:288,0
DA:292,0
DA:300,0
BRDA:300,13,0,-
BRDA:300,13,1,-
DA:301,0
DA:305,0
DA:309,0
DA:310,0
BRDA:310,14,0,-
BRDA:308,14,1,-
DA:311,0
DA:315,0
DA:323,0
BRDA:323,15,0,-
BRDA:323,15,1,-
DA:324,0
DA:328,0
DA:336,0
BRDA:336,16,0,-
DA:337,0
DA:338,0
DA:342,1
BRDA:342,17,0,-
DA:344,1
DA:347,3
FN:347,BridgeFacet.getRequestInfo
FNDA:3,BridgeFacet.getRequestInfo
DA:350,3
DA:352,3
FNF:13
FNH:11
LF:112
LH:87
BRF:24
BRH:12
end_of_record
TN:
SF:src/facets/ConfigurationFacet.sol
DA:14,1
FN:14,ConfigurationFacet.INITIALIZABLE_STORAGE_SLOT
FNDA:1,ConfigurationFacet.INITIALIZABLE_STORAGE_SLOT
DA:20,1
DA:23,1
FN:23,ConfigurationFacet.facetName
FNDA:1,ConfigurationFacet.facetName
DA:24,1
DA:27,1
FN:27,ConfigurationFacet.facetVersion
FNDA:1,ConfigurationFacet.facetVersion
DA:28,1
DA:31,1
FN:31,ConfigurationFacet.initialize
FNDA:1,ConfigurationFacet.initialize
DA:32,1
DA:33,1
DA:35,1
DA:36,1
DA:39,1
FN:39,ConfigurationFacet.onFacetRemoval
FNDA:1,ConfigurationFacet.onFacetRemoval
DA:40,1
DA:42,1
DA:45,2
FN:45,ConfigurationFacet.setMaxSlippagePercent
FNDA:2,ConfigurationFacet.setMaxSlippagePercent
DA:46,2
DA:47,2
DA:49,2
BRDA:49,0,0,1
DA:50,1
DA:52,1
DA:55,1
FN:55,ConfigurationFacet.setGasLimitForAccounting
FNDA:1,ConfigurationFacet.setGasLimitForAccounting
DA:61,1
DA:62,1
DA:65,1
DA:66,1
DA:67,1
DA:68,1
DA:74,3
FN:74,ConfigurationFacet.setFeeRecipient
FNDA:3,ConfigurationFacet.setFeeRecipient
DA:75,3
DA:76,3
DA:82,2
FN:82,ConfigurationFacet.setDepositCapacity
FNDA:2,ConfigurationFacet.setDepositCapacity
DA:83,2
DA:84,2
DA:90,3
FN:90,ConfigurationFacet.setDepositWhitelist
FNDA:3,ConfigurationFacet.setDepositWhitelist
DA:94,3
BRDA:94,1,0,1
DA:95,1
DA:97,2
DA:98,2
DA:104,1
FN:104,ConfigurationFacet.enableDepositWhitelist
FNDA:1,ConfigurationFacet.enableDepositWhitelist
DA:105,1
DA:106,1
DA:112,1
FN:112,ConfigurationFacet.disableDepositWhitelist
FNDA:1,ConfigurationFacet.disableDepositWhitelist
DA:113,1
DA:114,1
DA:120,1
FN:120,ConfigurationFacet.setTimeLockPeriod
FNDA:1,ConfigurationFacet.setTimeLockPeriod
DA:121,1
DA:122,1
DA:128,13
FN:128,ConfigurationFacet.addAvailableAsset
FNDA:13,ConfigurationFacet.addAvailableAsset
DA:129,13
DA:130,13
DA:131,10
DA:137,3
FN:137,ConfigurationFacet.addAvailableAssets
FNDA:3,ConfigurationFacet.addAvailableAssets
DA:138,3
DA:140,2
DA:141,4
DA:143,4
DA:146,1
DA:152,9
FN:152,ConfigurationFacet.enableAssetToDeposit
FNDA:9,ConfigurationFacet.enableAssetToDeposit
DA:153,9
DA:154,9
DA:160,4
FN:160,ConfigurationFacet.disableAssetToDeposit
FNDA:4,ConfigurationFacet.disableAssetToDeposit
DA:161,4
DA:162,4
DA:168,0
FN:168,ConfigurationFacet.setWithdrawalTimelock
FNDA:0,ConfigurationFacet.setWithdrawalTimelock
DA:169,0
DA:170,0
DA:173,0
DA:175,0
DA:178,0
FN:178,ConfigurationFacet.setCrossChainAccountingManager
FNDA:0,ConfigurationFacet.setCrossChainAccountingManager
DA:179,0
DA:180,0
DA:182,0
DA:185,0
DA:187,0
BRDA:187,2,0,-
DA:188,0
DA:190,0
DA:192,0
DA:198,1
FN:198,ConfigurationFacet.setWithdrawalFee
FNDA:1,ConfigurationFacet.setWithdrawalFee
DA:199,1
DA:200,1
DA:202,1
DA:203,1
DA:209,1
FN:209,ConfigurationFacet.updateWithdrawalQueueStatus
FNDA:1,ConfigurationFacet.updateWithdrawalQueueStatus
DA:210,1
DA:211,1
DA:213,1
DA:214,1
DA:220,2
FN:220,ConfigurationFacet.getWithdrawalFee
FNDA:2,ConfigurationFacet.getWithdrawalFee
DA:221,2
DA:223,2
DA:229,2
FN:229,ConfigurationFacet.getWithdrawalQueueStatus
FNDA:2,ConfigurationFacet.getWithdrawalQueueStatus
DA:230,2
DA:232,2
DA:238,2
FN:238,ConfigurationFacet.isAssetDepositable
FNDA:2,ConfigurationFacet.isAssetDepositable
DA:239,2
DA:245,2
FN:245,ConfigurationFacet.isAssetAvailable
FNDA:2,ConfigurationFacet.isAssetAvailable
DA:246,2
DA:252,1
FN:252,ConfigurationFacet.getAvailableAssets
FNDA:1,ConfigurationFacet.getAvailableAssets
DA:253,1
DA:259,4
FN:259,ConfigurationFacet.getDepositableAssets
FNDA:4,ConfigurationFacet.getDepositableAssets
DA:260,4
DA:266,1
FN:266,ConfigurationFacet.fee
FNDA:1,ConfigurationFacet.fee
DA:267,1
DA:273,1
FN:273,ConfigurationFacet.feeRecipient
FNDA:1,ConfigurationFacet.feeRecipient
DA:274,1
DA:280,1
FN:280,ConfigurationFacet.depositCapacity
FNDA:1,ConfigurationFacet.depositCapacity
DA:281,1
DA:287,1
FN:287,ConfigurationFacet.timeLockPeriod
FNDA:1,ConfigurationFacet.timeLockPeriod
DA:288,1
DA:294,1
FN:294,ConfigurationFacet.getDepositWhitelist
FNDA:1,ConfigurationFacet.getDepositWhitelist
DA:297,1
DA:303,2
FN:303,ConfigurationFacet.isDepositWhitelistEnabled
FNDA:2,ConfigurationFacet.isDepositWhitelistEnabled
DA:304,2
DA:310,0
FN:310,ConfigurationFacet.isHub
FNDA:0,ConfigurationFacet.isHub
DA:311,0
DA:317,0
FN:317,ConfigurationFacet.lockedTokensAmountOfAsset
FNDA:0,ConfigurationFacet.lockedTokensAmountOfAsset
DA:320,0
DA:322,0
DA:328,0
FN:328,ConfigurationFacet.getStakingAddresses
FNDA:0,ConfigurationFacet.getStakingAddresses
DA:331,0
DA:333,0
DA:339,0
FN:339,ConfigurationFacet.tokensHeld
FNDA:0,ConfigurationFacet.tokensHeld
DA:342,0
DA:344,0
DA:350,0
FN:350,ConfigurationFacet.getWithdrawalTimelock
FNDA:0,ConfigurationFacet.getWithdrawalTimelock
DA:351,0
DA:353,0
FNF:38
FNH:31
LF:127
LH:99
BRF:3
BRH:2
end_of_record
TN:
SF:src/facets/DiamondCutFacet.sol
DA:10,12
FN:10,DiamondCutFacet.INITIALIZABLE_STORAGE_SLOT
FNDA:12,DiamondCutFacet.INITIALIZABLE_STORAGE_SLOT
DA:16,12
DA:19,1
FN:19,DiamondCutFacet.facetName
FNDA:1,DiamondCutFacet.facetName
DA:20,1
DA:23,1
FN:23,DiamondCutFacet.facetVersion
FNDA:1,DiamondCutFacet.facetVersion
DA:24,1
DA:27,12
FN:27,DiamondCutFacet.initialize
FNDA:12,DiamondCutFacet.initialize
DA:28,12
DA:30,12
DA:33,1
FN:33,DiamondCutFacet.onFacetRemoval
FNDA:1,DiamondCutFacet.onFacetRemoval
DA:34,1
DA:36,1
DA:42,7
FN:42,DiamondCutFacet.diamondCut
FNDA:7,DiamondCutFacet.diamondCut
DA:45,7
DA:46,7
FNF:6
FNH:6
LF:15
LH:15
BRF:0
BRH:0
end_of_record
TN:
SF:src/facets/DiamondLoupeFacet.sol
DA:10,1
FN:10,DiamondLoupeFacet.INITIALIZABLE_STORAGE_SLOT
FNDA:1,DiamondLoupeFacet.INITIALIZABLE_STORAGE_SLOT
DA:16,1
DA:19,1
FN:19,DiamondLoupeFacet.facetName
FNDA:1,DiamondLoupeFacet.facetName
DA:20,1
DA:23,1
FN:23,DiamondLoupeFacet.facetVersion
FNDA:1,DiamondLoupeFacet.facetVersion
DA:24,1
DA:27,1
FN:27,DiamondLoupeFacet.initialize
FNDA:1,DiamondLoupeFacet.initialize
DA:28,1
DA:30,1
DA:31,1
DA:34,1
FN:34,DiamondLoupeFacet.onFacetRemoval
FNDA:1,DiamondLoupeFacet.onFacetRemoval
DA:35,1
DA:37,1
DA:38,1
DA:44,1
FN:44,DiamondLoupeFacet.facets
FNDA:1,DiamondLoupeFacet.facets
DA:45,1
DA:47,1
DA:48,1
DA:49,1
DA:50,2
DA:51,2
DA:52,2
DA:56,2
DA:64,1
FN:64,DiamondLoupeFacet.facetFunctionSelectors
FNDA:1,DiamondLoupeFacet.facetFunctionSelectors
DA:67,1
DA:69,1
DA:77,1
FN:77,DiamondLoupeFacet.facetAddresses
FNDA:1,DiamondLoupeFacet.facetAddresses
DA:83,1
DA:85,1
DA:91,2
FN:91,DiamondLoupeFacet.facetAddress
FNDA:2,DiamondLoupeFacet.facetAddress
DA:94,2
DA:96,2
DA:102,2
FN:102,DiamondLoupeFacet.supportsInterface
FNDA:2,DiamondLoupeFacet.supportsInterface
DA:105,2
DA:107,2
FNF:10
FNH:10
LF:35
LH:35
BRF:0
BRH:0
end_of_record
TN:
SF:src/facets/ERC4626Facet.sol
DA:58,38
FN:58,ERC4626Facet.INITIALIZABLE_STORAGE_SLOT
FNDA:38,ERC4626Facet.INITIALIZABLE_STORAGE_SLOT
DA:64,38
DA:71,1
FN:71,ERC4626Facet.facetName
FNDA:1,ERC4626Facet.facetName
DA:72,1
DA:79,1
FN:79,ERC4626Facet.facetVersion
FNDA:1,ERC4626Facet.facetVersion
DA:80,1
DA:87,38
FN:87,ERC4626Facet.initialize
FNDA:38,ERC4626Facet.initialize
DA:88,38
DA:90,38
DA:91,38
DA:93,38
DA:94,38
DA:103,1
FN:103,ERC4626Facet.onFacetRemoval
FNDA:1,ERC4626Facet.onFacetRemoval
DA:104,1
DA:106,1
DA:108,1
DA:113,1
BRDA:113,0,0,1
DA:114,1
DA:123,3
FN:123,ERC4626Facet.accountingERC4626Facet
FNDA:3,ERC4626Facet.accountingERC4626Facet
DA:128,3
DA:130,3
DA:131,2
DA:132,1
BRDA:132,1,0,1
DA:134,1
DA:136,1
DA:138,1
DA:139,1
DA:141,1
DA:143,1
DA:149,1
DA:152,3
DA:158,8
FN:158,ERC4626Facet.erc4626Deposit
FNDA:8,ERC4626Facet.erc4626Deposit
DA:162,8
BRDA:162,2,0,1
DA:163,7
DA:164,6
DA:165,5
DA:168,5
DA:170,5
DA:171,5
DA:172,5
DA:175,5
DA:176,5
DA:177,5
DA:184,1
BRDA:184,3,0,1
DA:185,1
DA:188,4
DA:194,5
FN:194,ERC4626Facet.erc4626Mint
FNDA:5,ERC4626Facet.erc4626Mint
DA:198,5
BRDA:198,4,0,1
DA:199,4
DA:200,3
DA:201,3
DA:204,3
DA:206,3
DA:207,3
DA:208,3
DA:209,3
DA:212,3
DA:213,3
DA:214,3
DA:221,1
BRDA:221,5,0,1
DA:222,1
DA:225,2
DA:231,3
FN:231,ERC4626Facet.erc4626Withdraw
FNDA:3,ERC4626Facet.erc4626Withdraw
DA:235,3
BRDA:235,6,0,1
DA:236,2
DA:237,2
DA:238,2
DA:241,2
DA:242,2
DA:245,2
DA:246,2
DA:247,2
DA:254,1
BRDA:254,7,0,1
DA:255,1
DA:257,1
DA:263,3
FN:263,ERC4626Facet.erc4626Redeem
FNDA:3,ERC4626Facet.erc4626Redeem
DA:267,3
BRDA:267,8,0,1
DA:268,2
DA:269,2
DA:270,2
DA:273,2
DA:274,2
DA:277,2
DA:278,2
DA:279,2
DA:286,1
BRDA:286,9,0,1
DA:287,1
DA:289,1
DA:297,25
FN:297,ERC4626Facet.genericAsyncActionExecution
FNDA:25,ERC4626Facet.genericAsyncActionExecution
DA:301,25
DA:302,24
DA:303,23
DA:306,23
DA:307,23
DA:308,23
DA:311,23
BRDA:311,10,0,1
DA:312,1
DA:315,22
DA:316,22
DA:317,22
DA:318,22
DA:319,22
DA:321,22
DA:322,22
DA:323,22
DA:324,22
DA:330,22
DA:331,22
BRDA:331,11,0,1
DA:332,21
DA:334,21
DA:335,21
DA:336,21
DA:340,21
DA:341,13
DA:342,3
BRDA:342,12,0,3
DA:343,3
DA:344,3
DA:348,18
DA:349,4
DA:350,3
BRDA:350,13,0,3
DA:351,3
DA:352,3
DA:355,15
DA:358,15
DA:359,4
DA:360,2
BRDA:360,14,0,2
DA:362,2
BRDA:362,15,0,1
BRDA:362,15,1,1
DA:363,1
DA:367,1
DA:369,2
DA:373,13
DA:374,10
DA:375,2
BRDA:375,16,0,2
DA:377,2
BRDA:377,17,0,1
BRDA:377,17,1,1
DA:378,1
DA:381,1
DA:386,1
DA:388,2
DA:392,11
DA:398,10
BRDA:398,18,0,10
BRDA:391,18,1,1
DA:399,10
DA:401,1
DA:412,22
FN:412,ERC4626Facet._replaceBytesInData
FNDA:22,ERC4626Facet._replaceBytesInData
DA:417,22
DA:418,22
DA:420,22
BRDA:420,19,0,-
DA:421,0
DA:424,22
DA:426,22
DA:427,22
DA:428,22
DA:430,22
DA:431,50
DA:432,50
DA:434,0
DA:435,0
DA:437,50
DA:438,50
DA:441,22
DA:442,50
BRDA:442,20,0,22
BRDA:442,20,1,28
DA:443,22
DA:445,28
DA:449,22
DA:451,0
DA:453,0
DA:455,0
DA:458,0
DA:457,0
DA:459,0
DA:460,0
DA:461,0
DA:468,22
FNF:12
FNH:12
LF:171
LH:161
BRF:25
BRH:24
end_of_record
TN:
SF:src/facets/ERC7540Facet.sol
DA:34,30
FN:34,ERC7540Facet.INITIALIZABLE_STORAGE_SLOT
FNDA:30,ERC7540Facet.INITIALIZABLE_STORAGE_SLOT
DA:40,30
DA:47,1
FN:47,ERC7540Facet.facetName
FNDA:1,ERC7540Facet.facetName
DA:48,1
DA:55,1
FN:55,ERC7540Facet.facetVersion
FNDA:1,ERC7540Facet.facetVersion
DA:56,1
DA:63,30
FN:63,ERC7540Facet.initialize
FNDA:30,ERC7540Facet.initialize
DA:64,30
DA:66,30
DA:67,30
DA:69,30
DA:70,30
DA:79,1
FN:79,ERC7540Facet.onFacetRemoval
FNDA:1,ERC7540Facet.onFacetRemoval
DA:80,1
DA:82,1
DA:84,1
DA:89,1
BRDA:89,0,0,1
DA:90,1
DA:99,3
FN:99,ERC7540Facet.accountingERC7540Facet
FNDA:3,ERC7540Facet.accountingERC7540Facet
DA:104,3
DA:106,3
DA:107,2
DA:108,1
BRDA:108,1,0,1
DA:110,1
DA:112,1
DA:114,1
DA:115,1
DA:116,1
DA:118,1
DA:124,1
DA:127,3
DA:133,4
FN:133,ERC7540Facet.erc7540RequestDeposit
FNDA:4,ERC7540Facet.erc7540RequestDeposit
DA:137,4
BRDA:137,2,0,1
DA:138,3
DA:139,2
DA:141,1
DA:143,1
DA:144,1
DA:154,4
FN:154,ERC7540Facet.erc7540RequestRedeem
FNDA:4,ERC7540Facet.erc7540RequestRedeem
DA:158,4
BRDA:158,3,0,1
DA:159,3
DA:160,2
DA:162,3
DA:172,6
FN:172,ERC7540Facet.erc7540Deposit
FNDA:6,ERC7540Facet.erc7540Deposit
DA:176,6
BRDA:176,4,0,1
DA:177,5
DA:178,4
DA:179,3
DA:182,5
DA:183,3
DA:189,4
FN:189,ERC7540Facet.erc7540Mint
FNDA:4,ERC7540Facet.erc7540Mint
DA:193,4
BRDA:193,5,0,1
DA:194,3
DA:195,2
DA:196,1
DA:199,3
DA:200,1
DA:206,4
FN:206,ERC7540Facet.erc7540Withdraw
FNDA:4,ERC7540Facet.erc7540Withdraw
DA:210,4
BRDA:210,6,0,1
DA:211,3
DA:212,2
DA:213,1
DA:216,3
DA:217,1
DA:223,4
FN:223,ERC7540Facet.erc7540Redeem
FNDA:4,ERC7540Facet.erc7540Redeem
DA:227,4
BRDA:227,7,0,1
DA:228,3
DA:229,2
DA:230,1
DA:233,3
DA:234,1
FNF:12
FNH:12
LF:71
LH:71
BRF:8
BRH:8
end_of_record
TN:
SF:src/facets/MulticallFacet.sol
DA:19,1
FN:19,MulticallFacet.INITIALIZABLE_STORAGE_SLOT
FNDA:1,MulticallFacet.INITIALIZABLE_STORAGE_SLOT
DA:25,1
DA:28,1
FN:28,MulticallFacet.facetName
FNDA:1,MulticallFacet.facetName
DA:29,1
DA:32,1
FN:32,MulticallFacet.facetVersion
FNDA:1,MulticallFacet.facetVersion
DA:33,1
DA:36,1
FN:36,MulticallFacet.initialize
FNDA:1,MulticallFacet.initialize
DA:37,1
DA:39,1
DA:41,1
DA:43,1
DA:46,1
FN:46,MulticallFacet.onFacetRemoval
FNDA:1,MulticallFacet.onFacetRemoval
DA:47,1
DA:49,1
DA:55,11
FN:55,MulticallFacet.submitActions
FNDA:11,MulticallFacet.submitActions
DA:58,11
DA:59,10
BRDA:59,0,0,1
DA:61,9
DA:64,9
DA:65,9
DA:67,9
DA:71,9
DA:73,9
DA:75,9
BRDA:75,1,0,2
DA:76,2
DA:83,6
FN:83,MulticallFacet.executeActions
FNDA:6,MulticallFacet.executeActions
DA:84,6
DA:86,6
DA:88,6
DA:92,6
BRDA:92,2,0,1
DA:93,1
DA:96,5
BRDA:96,3,0,1
DA:97,1
DA:100,4
DA:101,4
DA:102,4
DA:104,0
DA:105,0
DA:106,0
DA:107,0
DA:109,0
BRDA:109,4,0,-
DA:110,0
DA:111,0
DA:113,0
DA:114,0
DA:117,4
DA:118,4
DA:119,4
DA:121,4
DA:123,0
DA:124,0
DA:125,0
DA:127,0
BRDA:127,5,0,-
DA:128,0
DA:129,0
DA:131,0
DA:134,3
BRDA:134,6,0,1
DA:135,1
DA:138,1
BRDA:138,7,0,1
DA:139,1
DA:143,2
DA:145,2
DA:151,3
FN:151,MulticallFacet.vetoActions
FNDA:3,MulticallFacet.vetoActions
DA:152,3
DA:153,2
DA:156,2
DA:157,2
BRDA:157,8,0,1
DA:158,1
DA:161,1
DA:162,1
DA:164,1
DA:172,5
FN:172,MulticallFacet.getPendingActions
FNDA:5,MulticallFacet.getPendingActions
DA:180,5
DA:183,5
DA:189,1
FN:189,MulticallFacet.getCurrentNonce
FNDA:1,MulticallFacet.getCurrentNonce
DA:190,1
DA:193,4
FN:193,MulticallFacet._multicall
FNDA:4,MulticallFacet._multicall
DA:196,4
DA:197,4
DA:198,6
DA:199,6
BRDA:199,9,0,1
DA:200,1
DA:202,5
DA:204,5
FNF:11
FNH:11
LF:84
LH:68
BRF:10
BRH:8
end_of_record
TN:
SF:src/facets/VaultFacet.sol
DA:54,68
FN:54,VaultFacet.INITIALIZABLE_STORAGE_SLOT
FNDA:68,VaultFacet.INITIALIZABLE_STORAGE_SLOT
DA:60,68
DA:63,1
FN:63,VaultFacet.facetName
FNDA:1,VaultFacet.facetName
DA:64,1
DA:67,1
FN:67,VaultFacet.facetVersion
FNDA:1,VaultFacet.facetVersion
DA:68,1
DA:71,68
FN:71,VaultFacet.initialize
FNDA:68,VaultFacet.initialize
DA:74,68
DA:81,68
DA:86,68
DA:87,67
DA:88,67
DA:89,1
BRDA:89,0,0,1
DA:91,67
DA:95,67
DA:96,67
DA:97,67
DA:99,67
DA:100,67
DA:101,67
DA:102,67
DA:103,67
DA:104,67
DA:105,67
DA:108,1
FN:108,VaultFacet.onFacetRemoval
FNDA:1,VaultFacet.onFacetRemoval
DA:109,1
DA:111,1
DA:117,73
FN:117,VaultFacet.paused
FNDA:73,VaultFacet.paused
DA:123,73
DA:129,8
FN:129,VaultFacet.pause
FNDA:8,VaultFacet.pause
DA:131,8
DA:132,2
DA:133,1
BRDA:133,1,0,1
DA:134,1
DA:136,0
DA:142,3
FN:142,VaultFacet.unpause
FNDA:3,VaultFacet.unpause
DA:143,3
DA:144,3
DA:145,3
DA:146,3
DA:147,2
BRDA:147,2,0,1
DA:148,1
DA:151,1
DA:155,0
DA:158,54
FN:158,VaultFacet._beforeAccounting
FNDA:54,VaultFacet._beforeAccounting
DA:159,54
DA:162,79
FN:162,VaultFacet._accountAvailableAssets
FNDA:79,VaultFacet._accountAvailableAssets
DA:170,79
DA:172,0
DA:174,79
DA:175,85
DA:176,85
DA:179,0
DA:180,0
DA:181,0
DA:182,0
DA:183,0
DA:184,0
DA:192,0
BRDA:192,3,0,-
DA:194,0
DA:195,0
DA:196,0
DA:197,0
DA:199,0
DA:200,0
DA:203,0
DA:206,0
DA:207,0
DA:208,0
DA:209,0
DA:211,0
BRDA:211,4,0,-
DA:214,0
DA:215,0
DA:217,0
DA:218,0
DA:225,85
BRDA:225,5,0,-
DA:226,0
DA:230,85
DA:236,85
DA:241,79
FN:241,VaultFacet._accountFacets
FNDA:79,VaultFacet._accountFacets
DA:249,0
DA:251,0
DA:253,0
DA:254,0
DA:256,0
DA:260,0
DA:259,0
DA:261,0
DA:262,0
DA:264,0
DA:265,0
DA:266,0
DA:275,0
BRDA:275,6,0,-
DA:277,0
DA:278,0
DA:279,0
DA:280,0
DA:282,0
DA:283,0
DA:284,0
DA:288,0
DA:289,0
DA:291,0
BRDA:291,7,0,-
DA:292,0
DA:294,0
BRDA:294,8,0,-
DA:295,0
DA:301,0
BRDA:301,9,0,-
DA:302,0
DA:310,79
FN:310,VaultFacet.totalAssets
FNDA:79,VaultFacet.totalAssets
DA:316,79
DA:320,79
DA:322,0
DA:325,79
DA:334,79
DA:342,0
FN:342,VaultFacet.totalAssetsUsd
FNDA:0,VaultFacet.totalAssetsUsd
DA:347,0
DA:351,0
DA:353,0
DA:356,0
DA:364,0
BRDA:364,10,0,-
DA:365,0
DA:368,0
DA:374,0
BRDA:374,11,0,-
DA:375,0
DA:378,0
DA:391,5
FN:391,VaultFacet.maxDeposit
FNDA:5,VaultFacet.maxDeposit
DA:394,5
DA:396,5
DA:397,5
BRDA:397,12,0,1
DA:398,1
DA:400,4
BRDA:400,13,0,1
BRDA:400,13,1,3
DA:401,1
DA:403,3
DA:413,5
FN:413,VaultFacet.maxMint
FNDA:5,VaultFacet.maxMint
DA:416,5
DA:418,5
DA:419,5
BRDA:419,14,0,1
DA:420,1
DA:422,4
BRDA:422,15,0,1
BRDA:422,15,1,3
DA:423,1
DA:425,3
DA:426,3
DA:436,6
FN:436,VaultFacet.getWithdrawalRequest
FNDA:6,VaultFacet.getWithdrawalRequest
DA:439,6
DA:442,6
DA:446,6
DA:452,1
FN:452,VaultFacet.clearRequest
FNDA:1,VaultFacet.clearRequest
DA:453,1
DA:455,1
BRDA:455,16,0,-
DA:456,0
DA:459,1
DA:463,1
DA:464,1
DA:466,1
DA:472,8
FN:472,VaultFacet.requestRedeem
FNDA:8,VaultFacet.requestRedeem
DA:473,8
DA:475,7
DA:478,7
BRDA:478,17,0,-
DA:479,0
DA:481,7
BRDA:481,18,0,1
DA:482,1
DA:485,6
BRDA:485,19,0,1
DA:486,1
DA:489,5
DA:490,5
BRDA:490,20,0,-
DA:491,0
DA:494,5
DA:497,5
DA:498,5
DA:499,5
DA:501,5
DA:507,5
FN:507,VaultFacet.requestWithdraw
FNDA:5,VaultFacet.requestWithdraw
DA:508,5
DA:510,4
DA:512,4
BRDA:512,21,0,1
DA:513,1
DA:515,3
BRDA:515,22,0,-
DA:516,0
DA:519,3
BRDA:519,23,0,-
DA:520,0
DA:522,3
DA:524,3
DA:525,0
DA:526,0
BRDA:526,24,0,-
DA:527,0
DA:529,3
DA:530,3
DA:531,3
DA:533,3
DA:540,3
BRDA:540,25,0,-
DA:541,0
DA:544,3
DA:545,3
BRDA:545,26,0,-
DA:546,0
DA:549,3
DA:553,3
DA:555,3
DA:556,3
DA:558,3
DA:564,34
FN:564,VaultFacet.deposit.0
FNDA:34,VaultFacet.deposit.0
DA:574,34
DA:575,33
DA:578,33
DA:582,33
DA:584,34
DA:585,32
DA:587,33
DA:589,33
DA:595,34
DA:601,5
FN:601,VaultFacet.mint
FNDA:5,VaultFacet.mint
DA:611,5
DA:612,4
DA:615,4
DA:619,4
DA:621,5
DA:622,5
DA:624,4
DA:630,4
DA:631,5
DA:637,4
FN:637,VaultFacet.withdraw
FNDA:4,VaultFacet.withdraw
DA:648,4
DA:650,3
DA:652,3
DA:656,3
DA:658,4
DA:660,3
DA:667,3
DA:669,3
BRDA:669,27,0,-
DA:670,0
DA:673,3
DA:674,3
BRDA:674,28,0,-
DA:675,0
DA:678,3
DA:692,4
FN:692,VaultFacet.redeem
FNDA:4,VaultFacet.redeem
DA:703,4
DA:704,3
DA:707,3
DA:709,3
BRDA:709,29,0,-
DA:710,0
DA:713,3
DA:714,3
BRDA:714,30,0,-
DA:715,0
DA:718,3
DA:722,3
DA:723,3
DA:725,3
DA:732,3
DA:746,7
FN:746,VaultFacet.deposit.1
FNDA:7,VaultFacet.deposit.1
DA:751,7
DA:752,6
DA:754,6
BRDA:754,31,0,1
DA:755,1
DA:757,6
DA:761,6
DA:762,6
DA:764,6
DA:766,6
DA:767,1
BRDA:767,32,0,1
DA:769,5
DA:770,5
DA:771,10
DA:772,9
DA:778,9
DA:781,0
BRDA:781,33,0,1
DA:782,1
DA:783,1
DA:790,4
DA:792,4
DA:798,4
DA:800,4
DA:801,1
BRDA:801,34,0,1
DA:802,1
DA:809,3
FN:809,VaultFacet.setFee
FNDA:3,VaultFacet.setFee
DA:810,3
DA:812,2
DA:814,2
DA:815,2
DA:817,2
DA:819,3
DA:831,43
FN:831,VaultFacet._convertToSharesWithTotals
FNDA:43,VaultFacet._convertToSharesWithTotals
DA:837,43
DA:838,43
DA:854,13
FN:854,VaultFacet._convertToAssetsWithTotals
FNDA:13,VaultFacet._convertToAssetsWithTotals
DA:860,13
DA:861,13
DA:876,32
FN:876,VaultFacet._deposit.0
FNDA:32,VaultFacet._deposit.0
DA:882,32
DA:884,32
DA:886,32
DA:898,2
FN:898,VaultFacet._deposit.1
FNDA:2,VaultFacet._deposit.1
DA:905,2
DA:906,4
DA:913,4
DA:916,2
DA:918,2
DA:926,54
FN:926,VaultFacet._accrueInterest
FNDA:54,VaultFacet._accrueInterest
DA:927,54
DA:930,54
DA:931,54
DA:932,54
DA:934,53
DA:939,53
BRDA:939,35,0,4
DA:940,4
DA:942,49
DA:943,49
DA:945,49
DA:948,49
DA:952,49
DA:954,49
DA:956,2
BRDA:956,37,0,1
DA:957,1
DA:961,1
DA:963,1
DA:967,2
DA:976,54
FN:976,VaultFacet._accruedFeeShares
FNDA:54,VaultFacet._accruedFeeShares
DA:979,54
DA:982,54
DA:983,54
DA:987,2
DA:988,54
BRDA:988,38,0,2
DA:989,2
DA:993,2
DA:1008,40
FN:1008,VaultFacet._validateCapacity
FNDA:40,VaultFacet._validateCapacity
DA:1013,40
DA:1016,3
BRDA:1016,39,0,3
DA:1017,3
DA:1024,3
DA:1025,3
BRDA:1025,40,0,3
DA:1026,3
DA:1036,37
DA:1037,37
BRDA:1037,41,0,2
DA:1038,2
DA:1040,35
BRDA:1040,42,0,3
DA:1041,3
DA:1042,3
BRDA:1042,43,0,3
DA:1043,3
DA:1045,3
DA:1056,54
FN:1056,VaultFacet._checkVaultHealth
FNDA:54,VaultFacet._checkVaultHealth
DA:1060,54
BRDA:1060,44,0,1
DA:1061,1
DA:1070,70
FN:1070,VaultFacet._decimalsOffset
FNDA:70,VaultFacet._decimalsOffset
DA:1071,70
DA:1074,1
FN:1074,VaultFacet.previewDeposit
FNDA:1,VaultFacet.previewDeposit
DA:1077,1
DA:1078,1
DA:1080,1
DA:1081,1
DA:1083,1
DA:1086,1
DA:1087,1
BRDA:1087,45,0,-
DA:1088,0
DA:1092,0
DA:1099,1
DA:1101,1
DA:1102,1
DA:1110,1
FN:1110,VaultFacet.previewMint
FNDA:1,VaultFacet.previewMint
DA:1113,1
DA:1114,1
DA:1116,1
DA:1117,1
DA:1119,1
DA:1122,1
DA:1123,1
BRDA:1123,46,0,-
DA:1124,0
DA:1128,0
DA:1135,1
DA:1136,1
DA:1137,1
DA:1145,2
FN:1145,VaultFacet.previewWithdraw
FNDA:2,VaultFacet.previewWithdraw
DA:1148,2
DA:1149,2
DA:1151,2
DA:1152,2
DA:1154,2
DA:1157,2
DA:1158,2
BRDA:1158,47,0,-
DA:1159,0
DA:1163,0
DA:1170,2
DA:1173,2
DA:1174,2
BRDA:1174,48,0,1
DA:1175,1
DA:1182,2
DA:1184,2
DA:1185,2
DA:1193,2
FN:1193,VaultFacet.previewRedeem
FNDA:2,VaultFacet.previewRedeem
DA:1196,2
DA:1197,2
DA:1199,2
DA:1200,2
DA:1202,2
DA:1205,2
DA:1206,2
BRDA:1206,49,0,-
DA:1207,0
DA:1211,0
DA:1218,2
DA:1220,2
DA:1228,2
DA:1229,2
BRDA:1229,50,0,1
DA:1230,1
DA:1237,2
DA:1240,51
FN:1240,VaultFacet._getInfoForAction
FNDA:51,VaultFacet._getInfoForAction
DA:1246,51
BRDA:1246,51,0,-
DA:1247,0
DA:1249,51
DA:1251,51
DA:1252,0
DA:1253,0
BRDA:1253,52,0,-
BRDA:1250,52,1,-
DA:1254,0
DA:1255,0
BRDA:1255,53,0,-
BRDA:1255,53,1,-
DA:1256,0
DA:1258,0
DA:1259,0
DA:1260,0
DA:1263,51
DA:1264,51
DA:1265,51
DA:1266,51
DA:1270,6
FN:1270,VaultFacet._handleWithdrawal
FNDA:6,VaultFacet._handleWithdrawal
DA:1280,6
DA:1281,6
BRDA:1281,54,0,2
DA:1282,2
DA:1289,6
DA:1291,6
DA:1295,6
DA:1298,6
BRDA:1298,55,0,2
DA:1299,2
DA:1305,2
DA:1308,6
FNF:40
FNH:39
LF:428
LH:330
BRF:59
BRH:29
end_of_record
TN:
SF:src/factory/VaultsFactory.sol
DA:94,16
FN:94,VaultsFactory.initialize
FNDA:16,VaultsFactory.initialize
DA:104,16
DA:105,16
DA:106,15
DA:107,14
DA:108,13
DA:109,12
DA:110,4
BRDA:110,0,0,4
DA:111,12
DA:112,12
DA:113,12
DA:114,12
DA:115,12
DA:116,12
DA:118,12
DA:119,12
DA:126,2
FN:126,VaultsFactory.setDiamondCutFacet
FNDA:2,VaultsFactory.setDiamondCutFacet
DA:127,2
DA:134,2
FN:134,VaultsFactory.setAccessControlFacet
FNDA:2,VaultsFactory.setAccessControlFacet
DA:137,2
DA:144,0
FN:144,VaultsFactory.setMaxFinalizationTime
FNDA:0,VaultsFactory.setMaxFinalizationTime
DA:147,0
DA:151,0
FN:151,VaultsFactory.setTrustedFactory
FNDA:0,VaultsFactory.setTrustedFactory
DA:152,0
DA:159,2
FN:159,VaultsFactory.pauseFacet
FNDA:2,VaultsFactory.pauseFacet
DA:160,2
DA:161,2
DA:162,2
DA:163,1
DA:165,1
DA:175,3
FN:175,VaultsFactory.setFacetRestricted
FNDA:3,VaultsFactory.setFacetRestricted
DA:179,3
DA:186,1
FN:186,VaultsFactory.link
FNDA:1,VaultsFactory.link
DA:187,1
BRDA:187,1,0,1
DA:188,1
DA:191,0
DA:198,0
FN:198,VaultsFactory.unlink
FNDA:0,VaultsFactory.unlink
DA:199,0
BRDA:199,2,0,-
DA:200,0
DA:202,0
DA:208,4
FN:208,VaultsFactory.deployVault
FNDA:4,VaultsFactory.deployVault
DA:215,4
DA:233,4
DA:234,4
DA:235,4
DA:236,4
DA:237,4
DA:238,4
DA:239,4
DA:240,11
DA:241,7
DA:242,7
DA:244,7
DA:247,4
DA:253,0
FN:253,VaultsFactory.predictVaultAddress
FNDA:0,VaultsFactory.predictVaultAddress
DA:254,0
DA:257,0
FN:257,VaultsFactory._encodeSpokeKey
FNDA:0,VaultsFactory._encodeSpokeKey
DA:261,0
DA:264,0
FN:264,VaultsFactory._decodeSpokeKey
FNDA:0,VaultsFactory._decodeSpokeKey
DA:267,0
DA:268,0
DA:276,0
FN:276,VaultsFactory.requestRegisterSpoke
FNDA:0,VaultsFactory.requestRegisterSpoke
DA:282,0
BRDA:282,3,0,-
DA:283,0
DA:284,0
BRDA:284,4,0,-
DA:285,0
DA:286,0
BRDA:286,5,0,-
DA:288,0
DA:289,0
DA:296,0
DA:301,0
DA:303,0
BRDA:303,6,0,-
BRDA:303,6,1,-
DA:304,0
DA:305,0
DA:313,0
FN:313,VaultsFactory._lzReceive
FNDA:0,VaultsFactory._lzReceive
DA:321,0
DA:326,0
BRDA:326,7,0,-
BRDA:326,7,1,-
DA:327,0
DA:331,0
BRDA:331,8,0,-
DA:332,0
DA:333,0
BRDA:333,9,0,-
DA:336,0
DA:337,0
DA:338,0
BRDA:338,10,0,-
DA:340,0
DA:341,0
DA:344,0
BRDA:344,11,0,-
DA:345,0
DA:352,0
DA:356,0
DA:357,0
BRDA:357,12,0,-
BRDA:357,12,1,-
DA:359,0
DA:364,0
DA:367,0
DA:370,0
BRDA:370,13,0,-
BRDA:370,13,1,-
DA:372,0
DA:374,0
DA:375,0
DA:378,0
DA:383,0
FN:383,VaultsFactory.hubSendBootstrap
FNDA:0,VaultsFactory.hubSendBootstrap
DA:388,0
BRDA:388,14,0,-
DA:389,0
DA:390,0
BRDA:390,15,0,-
DA:393,0
DA:394,0
DA:400,0
DA:405,0
DA:406,0
BRDA:406,16,0,-
BRDA:406,16,1,-
DA:407,0
DA:411,0
FN:411,VaultsFactory.hubBroadcastSpokeAdded
FNDA:0,VaultsFactory.hubBroadcastSpokeAdded
DA:418,0
BRDA:418,17,0,-
DA:419,0
DA:420,0
BRDA:420,18,0,-
DA:422,0
DA:430,0
DA:431,0
DA:432,0
DA:437,0
DA:444,0
BRDA:444,19,0,-
DA:446,0
DA:448,0
DA:450,0
DA:454,0
FN:454,VaultsFactory._payNative
FNDA:0,VaultsFactory._payNative
DA:458,0
BRDA:458,20,0,-
DA:459,0
BRDA:459,21,0,-
DA:460,0
DA:462,0
BRDA:462,22,0,-
DA:464,0
DA:466,0
DA:473,2
FN:473,VaultsFactory.getDeployedVaults
FNDA:2,VaultsFactory.getDeployedVaults
DA:479,2
DA:486,2
FN:486,VaultsFactory.getVaultsCount
FNDA:2,VaultsFactory.getVaultsCount
DA:487,2
DA:495,3
FN:495,VaultsFactory.isVault
FNDA:3,VaultsFactory.isVault
DA:496,3
DA:504,0
FN:504,VaultsFactory.getLinkedVaults
FNDA:0,VaultsFactory.getLinkedVaults
DA:507,0
DA:514,3
FN:514,VaultsFactory.getRestrictedFacets
FNDA:3,VaultsFactory.getRestrictedFacets
DA:519,3
DA:527,0
FN:527,VaultsFactory.isVaultLinked
FNDA:0,VaultsFactory.isVaultLinked
DA:531,0
DA:537,0
FN:537,VaultsFactory.hubToSpokes
FNDA:0,VaultsFactory.hubToSpokes
DA:541,0
DA:542,0
DA:543,0
DA:544,0
DA:545,0
DA:546,0
DA:547,0
DA:554,0
FN:554,VaultsFactory.isSpokeOfHub
FNDA:0,VaultsFactory.isSpokeOfHub
DA:560,0
DA:561,0
DA:569,0
FN:569,VaultsFactory.isCrossChainVault
FNDA:0,VaultsFactory.isCrossChainVault
DA:573,0
DA:579,0
FN:579,VaultsFactory.spokeToHub
FNDA:0,VaultsFactory.spokeToHub
DA:583,0
DA:584,0
DA:585,0
DA:588,14
FN:588,VaultsFactory._setDiamondCutFacet
FNDA:14,VaultsFactory._setDiamondCutFacet
DA:589,14
BRDA:589,24,0,1
DA:590,13
DA:591,13
DA:594,14
FN:594,VaultsFactory._setAccessControlFacet
FNDA:14,VaultsFactory._setAccessControlFacet
DA:595,14
BRDA:595,25,0,1
DA:596,13
DA:597,13
DA:600,12
FN:600,VaultsFactory._setMaxFinalizationTime
FNDA:12,VaultsFactory._setMaxFinalizationTime
DA:601,12
DA:602,12
DA:605,5
FN:605,VaultsFactory._setFacetRestricted
FNDA:5,VaultsFactory._setFacetRestricted
DA:606,4
BRDA:606,26,0,4
BRDA:606,26,1,1
DA:607,1
DA:609,5
DA:612,15
FN:612,VaultsFactory._checkRestrictedFacet
FNDA:15,VaultsFactory._checkRestrictedFacet
DA:613,15
BRDA:613,27,0,-
FNF:33
FNH:16
LF:175
LH:70
BRF:33
BRH:6
end_of_record
TN:
SF:src/libraries/AccessControlLib.sol
DA:54,531
FN:54,AccessControlLib.accessControlStorage
FNDA:531,AccessControlLib.accessControlStorage
DA:59,531
DA:62,0
DA:70,45
FN:70,AccessControlLib.validateOwner
FNDA:45,AccessControlLib.validateOwner
DA:71,45
BRDA:71,0,0,8
DA:72,8
DA:76,5
FN:76,AccessControlLib.validatePendingOwner
FNDA:5,AccessControlLib.validatePendingOwner
DA:77,5
BRDA:77,1,0,2
DA:78,2
DA:86,58
FN:86,AccessControlLib.validateCurator
FNDA:58,AccessControlLib.validateCurator
DA:88,58
DA:89,11
DA:90,8
BRDA:90,2,0,8
DA:91,8
DA:99,5
FN:99,AccessControlLib.validateGuardian
FNDA:5,AccessControlLib.validateGuardian
DA:101,5
DA:102,2
DA:103,2
BRDA:103,3,0,2
DA:104,2
DA:108,62
FN:108,AccessControlLib.validateDiamond
FNDA:62,AccessControlLib.validateDiamond
DA:109,62
BRDA:109,4,0,10
DA:110,10
DA:114,7
FN:114,AccessControlLib.setPendingOwner
FNDA:7,AccessControlLib.setPendingOwner
DA:115,7
BRDA:115,5,0,1
DA:116,1
DA:119,6
DA:121,6
DA:128,42
FN:128,AccessControlLib.setVaultOwner
FNDA:42,AccessControlLib.setVaultOwner
DA:129,42
BRDA:129,6,0,1
DA:130,1
DA:133,41
DA:135,41
BRDA:135,7,0,1
DA:136,1
DA:139,40
DA:140,40
DA:142,40
DA:149,43
FN:149,AccessControlLib.setVaultCurator
FNDA:43,AccessControlLib.setVaultCurator
DA:150,43
BRDA:150,8,0,2
DA:151,2
DA:154,41
DA:156,41
BRDA:156,9,0,2
DA:157,2
DA:160,39
DA:161,39
DA:163,39
DA:170,43
FN:170,AccessControlLib.setVaultGuardian
FNDA:43,AccessControlLib.setVaultGuardian
DA:171,43
BRDA:171,10,0,2
DA:172,2
DA:175,41
DA:177,41
BRDA:177,11,0,2
DA:178,2
DA:181,39
DA:182,39
DA:184,39
DA:187,11
FN:187,AccessControlLib.setMoreVaultsRegistry
FNDA:11,AccessControlLib.setMoreVaultsRegistry
DA:188,11
BRDA:188,12,0,-
DA:189,0
DA:192,11
DA:194,11
BRDA:194,13,0,-
DA:195,0
DA:198,11
DA:205,11
FN:205,AccessControlLib.vaultOwner
FNDA:11,AccessControlLib.vaultOwner
DA:206,11
DA:209,2
FN:209,AccessControlLib.pendingOwner
FNDA:2,AccessControlLib.pendingOwner
DA:210,2
DA:217,5
FN:217,AccessControlLib.vaultCurator
FNDA:5,AccessControlLib.vaultCurator
DA:218,5
DA:225,6
FN:225,AccessControlLib.vaultGuardian
FNDA:6,AccessControlLib.vaultGuardian
DA:226,6
DA:229,18
FN:229,AccessControlLib.vaultRegistry
FNDA:18,AccessControlLib.vaultRegistry
DA:230,18
FNF:16
FNH:16
LF:71
LH:68
BRF:14
BRH:12
end_of_record
TN:
SF:src/libraries/MoreVaultsLib.sol
DA:193,1280
FN:193,MoreVaultsLib.moreVaultsStorage
FNDA:1280,MoreVaultsLib.moreVaultsStorage
DA:198,1280
DA:201,0
DA:205,53
FN:205,MoreVaultsLib.getERC4626Storage
FNDA:53,MoreVaultsLib.getERC4626Storage
DA:211,0
DA:215,52
FN:215,MoreVaultsLib.validateAddressWhitelisted
FNDA:52,MoreVaultsLib.validateAddressWhitelisted
DA:216,52
DA:219,52
DA:220,8
BRDA:220,0,0,8
DA:223,2
FN:223,MoreVaultsLib.validateAssetAvailable
FNDA:2,MoreVaultsLib.validateAssetAvailable
DA:224,2
DA:225,2
BRDA:225,1,0,-
DA:226,2
BRDA:226,2,0,1
DA:229,11
FN:229,MoreVaultsLib.validateAssetDepositable
FNDA:11,MoreVaultsLib.validateAssetDepositable
DA:230,11
DA:231,11
BRDA:231,3,0,-
DA:232,11
BRDA:232,4,0,1
DA:235,67
FN:235,MoreVaultsLib.validateNotMulticall
FNDA:67,MoreVaultsLib.validateNotMulticall
DA:236,67
DA:237,7
BRDA:237,5,0,7
DA:238,7
DA:242,8
FN:242,MoreVaultsLib.removeTokenIfnecessary
FNDA:8,MoreVaultsLib.removeTokenIfnecessary
DA:246,8
DA:248,8
DA:250,6
BRDA:250,6,0,6
DA:251,6
DA:255,102
FN:255,MoreVaultsLib.convertToUnderlying
FNDA:102,MoreVaultsLib.convertToUnderlying
DA:260,102
DA:263,50
DA:264,50
DA:266,50
DA:267,50
DA:270,50
DA:272,50
BRDA:272,8,0,43
DA:273,43
DA:278,7
DA:279,7
DA:280,7
DA:282,7
DA:285,7
DA:286,7
DA:288,7
DA:291,7
DA:292,7
DA:296,7
DA:297,7
BRDA:297,9,0,2
DA:298,2
DA:301,2
DA:303,2
DA:306,2
DA:309,2
DA:311,2
DA:319,7
DA:320,7
DA:330,0
FN:330,MoreVaultsLib.convertUnderlyingToUsd
FNDA:0,MoreVaultsLib.convertUnderlyingToUsd
DA:334,0
DA:337,0
DA:338,0
DA:339,0
DA:346,3
FN:346,MoreVaultsLib.convertUsdToUnderlying
FNDA:3,MoreVaultsLib.convertUsdToUnderlying
DA:350,3
DA:353,3
DA:354,3
DA:355,3
DA:362,69
FN:362,MoreVaultsLib._setFeeRecipient
FNDA:69,MoreVaultsLib._setFeeRecipient
DA:363,69
DA:364,69
BRDA:364,10,0,1
DA:365,1
DA:367,68
DA:368,68
DA:369,68
DA:372,69
FN:372,MoreVaultsLib._setFee
FNDA:69,MoreVaultsLib._setFee
DA:373,69
DA:374,69
DA:375,69
BRDA:375,11,0,1
DA:376,1
DA:378,68
DA:380,68
DA:383,69
FN:383,MoreVaultsLib._setDepositCapacity
FNDA:69,MoreVaultsLib._setDepositCapacity
DA:384,69
DA:385,69
DA:386,69
DA:388,69
DA:391,1
FN:391,MoreVaultsLib._setDepositWhitelist
FNDA:1,MoreVaultsLib._setDepositWhitelist
DA:395,1
DA:396,1
DA:397,1
DA:399,1
DA:404,2
FN:404,MoreVaultsLib._setTimeLockPeriod
FNDA:2,MoreVaultsLib._setTimeLockPeriod
DA:405,2
DA:406,2
DA:407,2
DA:409,2
DA:412,83
FN:412,MoreVaultsLib._addAvailableAsset
FNDA:83,MoreVaultsLib._addAvailableAsset
DA:413,83
BRDA:413,12,0,2
DA:414,2
DA:417,81
DA:419,1
BRDA:419,13,0,1
DA:420,1
DA:423,80
DA:425,80
DA:428,80
DA:429,80
BRDA:429,14,0,-
DA:430,0
DA:433,80
DA:434,80
DA:436,80
DA:439,75
FN:439,MoreVaultsLib._enableAssetToDeposit
FNDA:75,MoreVaultsLib._enableAssetToDeposit
DA:440,75
BRDA:440,15,0,1
DA:441,1
DA:444,74
DA:446,74
BRDA:446,16,0,1
DA:447,1
DA:449,1
BRDA:449,17,0,1
DA:450,1
DA:452,72
DA:453,72
DA:455,72
DA:458,3
FN:458,MoreVaultsLib._disableAssetToDeposit
FNDA:3,MoreVaultsLib._disableAssetToDeposit
DA:459,3
BRDA:459,18,0,1
DA:460,1
DA:463,2
DA:465,2
BRDA:465,19,0,1
DA:466,1
DA:469,1
DA:470,1
DA:471,1
BRDA:471,20,0,1
DA:472,1
DA:475,1
DA:476,0
DA:479,0
DA:483,1
DA:487,21
FN:487,MoreVaultsLib.diamondCut
FNDA:21,MoreVaultsLib.diamondCut
DA:488,21
DA:490,21
DA:494,21
DA:495,35
DA:496,35
DA:500,35
DA:501,2
DA:502,34
BRDA:502,21,0,34
DA:504,34
BRDA:504,22,0,34
DA:505,34
BRDA:505,23,0,1
DA:506,1
DA:510,33
DA:511,72
DA:516,39
DA:521,0
BRDA:521,24,0,-
DA:522,0
DA:529,39
DA:535,34
BRDA:535,25,0,32
BRDA:535,25,1,-
DA:536,32
DA:540,32
DA:544,2
BRDA:544,26,0,1
BRDA:544,26,1,-
DA:545,1
DA:549,1
DA:553,1
BRDA:553,27,0,1
BRDA:553,27,1,-
DA:554,1
DA:559,0
DA:562,32
DA:565,20
DA:568,32
FN:568,MoreVaultsLib.addFunctions
FNDA:32,MoreVaultsLib.addFunctions
DA:572,32
BRDA:572,28,0,-
DA:573,0
DA:575,32
DA:576,32
BRDA:576,29,0,-
DA:577,0
DA:579,32
DA:583,32
BRDA:583,30,0,32
DA:584,32
DA:587,32
DA:588,70
DA:591,38
DA:592,38
DA:595,38
BRDA:595,31,0,-
DA:596,0
DA:598,38
DA:599,38
DA:601,38
DA:605,32
BRDA:605,32,0,-
DA:606,0
DA:610,1
FN:610,MoreVaultsLib.replaceFunctions
FNDA:1,MoreVaultsLib.replaceFunctions
DA:614,1
BRDA:614,33,0,-
DA:615,0
DA:617,1
DA:618,1
BRDA:618,34,0,-
DA:619,0
DA:621,1
DA:625,1
BRDA:625,35,0,1
DA:626,1
DA:629,1
DA:631,1
DA:632,2
DA:635,1
DA:636,1
DA:639,1
BRDA:639,36,0,-
DA:640,0
DA:642,1
DA:643,1
DA:644,1
DA:646,1
DA:649,1
DA:652,1
FN:652,MoreVaultsLib.removeFunctions
FNDA:1,MoreVaultsLib.removeFunctions
DA:656,1
BRDA:656,37,0,-
DA:657,0
DA:659,1
DA:661,1
BRDA:661,38,0,-
DA:662,0
DA:666,1
DA:667,2
DA:670,1
DWrote LCOV report.
:676,1
DA:681,33
FN:681,MoreVaultsLib.addFacet
FNDA:33,MoreVaultsLib.addFacet
DA:685,33
DA:689,33
DA:692,33
DA:695,39
FN:695,MoreVaultsLib.addFunction
FNDA:39,MoreVaultsLib.addFunction
DA:701,39
DA:704,39
DA:707,39
DA:710,2
FN:710,MoreVaultsLib.removeFunction
FNDA:2,MoreVaultsLib.removeFunction
DA:716,2
BRDA:716,39,0,-
DA:717,0
DA:720,2
BRDA:720,40,0,-
DA:721,0
DA:724,2
DA:727,2
DA:732,2
BRDA:732,41,0,-
DA:733,0
DA:736,0
DA:739,0
DA:745,2
BRDA:745,42,0,2
DA:747,2
DA:748,2
DA:751,2
BRDA:751,43,0,1
DA:752,1
DA:755,1
DA:756,1
DA:760,2
DA:761,2
DA:764,2
DA:765,2
DA:767,2
DA:780,2
BRDA:780,44,0,-
DA:781,0
DA:786,2
DA:787,2
DA:790,33
FN:790,MoreVaultsLib.initializeAfterAddition
FNDA:33,MoreVaultsLib.initializeAfterAddition
DA:794,33
DA:799,33
DA:803,33
DA:807,33
BRDA:807,45,0,1
DA:808,1
DA:810,32
BRDA:810,46,0,-
DA:811,0
BRDA:811,47,0,-
BRDA:811,47,1,-
DA:815,0
DA:816,0
DA:819,0
DA:824,0
FN:824,MoreVaultsLib.removeFromBeforeAccounting
FNDA:0,MoreVaultsLib.removeFromBeforeAccounting
DA:829,0
DA:830,0
BRDA:830,48,0,-
DA:831,0
BRDA:831,49,0,-
DA:832,0
DA:838,0
BRDA:838,50,0,-
DA:839,0
DA:840,0
DA:841,0
DA:845,0
DA:848,0
DA:849,0
DA:852,0
DA:857,3
FN:857,MoreVaultsLib.removeFromFacetsForAccounting
FNDA:3,MoreVaultsLib.removeFromFacetsForAccounting
DA:862,3
DA:863,2
BRDA:863,51,0,2
DA:864,2
BRDA:864,52,0,2
DA:865,2
DA:867,2
BRDA:867,53,0,-
DA:868,0
DA:870,2
DA:871,2
BRDA:871,54,0,-
DA:872,0
DA:875,2
DA:878,2
DA:879,0
DA:882,0
DA:887,66
FN:887,MoreVaultsLib.enforceHasContractCode
FNDA:66,MoreVaultsLib.enforceHasContractCode
DA:891,66
DA:893,0
DA:895,66
BRDA:895,55,0,-
DA:896,0
DA:900,13
FN:900,MoreVaultsLib.checkGasLimitOverflow
FNDA:13,MoreVaultsLib.checkGasLimitOverflow
DA:901,13
DA:903,13
DA:905,13
DA:907,0
DA:910,0
DA:914,0
DA:915,0
DA:917,0
DA:920,0
DA:924,0
DA:925,0
DA:927,0
DA:928,0
DA:932,0
DA:934,0
DA:946,0
BRDA:946,57,0,-
DA:947,0
DA:951,6
FN:951,MoreVaultsLib.withdrawFromRequest
FNDA:6,MoreVaultsLib.withdrawFromRequest
DA:955,6
DA:956,6
DA:958,6
BRDA:958,58,0,-
DA:960,0
DA:964,6
DA:965,6
DA:966,6
BRDA:966,59,0,6
DA:967,6
DA:968,6
DA:971,0
DA:974,6
FN:974,MoreVaultsLib.isWithdrawableRequest
FNDA:6,MoreVaultsLib.isWithdrawableRequest
DA:978,6
DA:979,6
DA:980,6
DA:981,0
DA:984,37
FN:984,MoreVaultsLib.factoryAddress
FNDA:37,MoreVaultsLib.factoryAddress
DA:985,37
DA:986,37
DA:989,2
FN:989,MoreVaultsLib._setWhitelistFlag
FNDA:2,MoreVaultsLib._setWhitelistFlag
DA:990,2
DA:991,2
DA:994,59
FN:994,MoreVaultsLib._beforeAccounting
FNDA:59,MoreVaultsLib._beforeAccounting
DA:996,0
DA:997,0
DA:998,0
DA:999,0
DA:1000,0
DA:1003,0
DA:1002,0
DA:1004,0
DA:1005,0
DA:1006,0
DA:1007,0
DA:1009,0
BRDA:1009,60,0,-
DA:1010,0
DA:1011,0
DA:1012,0
DA:1018,0
FN:1018,MoreVaultsLib._getCrossChainAccountingManager
FNDA:0,MoreVaultsLib._getCrossChainAccountingManager
DA:1019,0
DA:1020,0
DA:1022,0
BRDA:1022,61,0,-
DA:1023,0
DA:1024,0
DA:1028,0
FNF:36
FNH:33
LF:354
LH:265
BRF:64
BRH:31
end_of_record
TN:
SF:src/registry/BaseVaultsRegistry.sol
DA:42,55
FN:42,BaseVaultsRegistry.initialize
FNDA:55,BaseVaultsRegistry.initialize
DA:47,55
BRDA:47,0,0,1
DA:49,0
DA:50,54
DA:51,54
BRDA:51,1,0,-
DA:52,0
BRDA:52,2,0,-
DA:54,54
DA:55,54
DA:66,3
FN:66,BaseVaultsRegistry.updateOracleRegistry
FNDA:3,BaseVaultsRegistry.updateOracleRegistry
DA:69,2
BRDA:69,3,0,1
DA:71,1
DA:72,1
DA:74,1
DA:89,0
FN:89,BaseVaultsRegistry.facetsList
FNDA:0,BaseVaultsRegistry.facetsList
DA:90,0
DA:96,7
FN:96,BaseVaultsRegistry.getFacetSelectors
FNDA:7,BaseVaultsRegistry.getFacetSelectors
DA:99,7
DA:105,9
FN:105,BaseVaultsRegistry.getAllowedFacets
FNDA:9,BaseVaultsRegistry.getAllowedFacets
DA:106,9
DA:119,4
FN:119,BaseVaultsRegistry.getDenominationAsset
FNDA:4,BaseVaultsRegistry.getDenominationAsset
DA:120,4
DA:121,2
DA:127,4
FN:127,BaseVaultsRegistry.getDenominationAssetDecimals
FNDA:4,BaseVaultsRegistry.getDenominationAssetDecimals
DA:128,4
DA:129,4
DA:137,9
FN:137,BaseVaultsRegistry.isFacetAllowed
FNDA:9,BaseVaultsRegistry.isFacetAllowed
DA:138,9
DA:152,0
FN:152,BaseVaultsRegistry.editFacet
FNDA:0,BaseVaultsRegistry.editFacet
DA:185,6
FN:185,BaseVaultsRegistry._setWhitelisted
FNDA:6,BaseVaultsRegistry._setWhitelisted
DA:189,6
DA:190,6
DA:198,7
FN:198,BaseVaultsRegistry._isWhitelisted
FNDA:7,BaseVaultsRegistry._isWhitelisted
DA:199,7
FNF:11
FNH:9
LF:33
LH:28
BRF:4
BRH:2
end_of_record
TN:
SF:src/registry/OracleRegistry.sol
DA:35,9
FN:35,OracleRegistry.initialize
FNDA:9,OracleRegistry.initialize
DA:42,0
DA:43,9
DA:44,9
DA:46,9
DA:47,9
DA:48,9
DA:49,9
DA:52,3
FN:52,OracleRegistry.setOracleInfos
FNDA:3,OracleRegistry.setOracleInfos
DA:56,3
DA:59,0
FN:59,OracleRegistry.setSpokeOracleInfos
FNDA:0,OracleRegistry.setSpokeOracleInfos
DA:64,0
DA:72,12
FN:72,OracleRegistry._setOracleInfos
FNDA:12,OracleRegistry._setOracleInfos
DA:76,12
BRDA:76,0,0,1
DA:77,1
DA:79,11
DA:81,11
BRDA:81,1,0,10
DA:82,10
BRDA:82,2,0,1
DA:83,1
DA:86,10
DA:87,10
DA:89,10
DA:91,10
DA:99,0
FN:99,OracleRegistry._setSpokeOracleInfos
FNDA:0,OracleRegistry._setSpokeOracleInfos
DA:104,0
BRDA:104,3,0,-
DA:105,0
DA:107,0
DA:108,0
DA:109,0
DA:111,0
DA:116,0
FN:116,OracleRegistry.getSpokeValue
FNDA:0,OracleRegistry.getSpokeValue
DA:120,0
DA:122,0
DA:128,0
BRDA:128,4,0,-
DA:129,0
DA:131,0
DA:132,0
DA:135,5
FN:135,OracleRegistry.getAssetPrice
FNDA:5,OracleRegistry.getAssetPrice
DA:138,5
DA:140,5
BRDA:140,5,0,1
BRDA:140,5,1,-
DA:141,1
DA:143,4
DA:146,4
DA:147,4
DA:151,1
FN:151,OracleRegistry.getAssetsPrices
FNDA:1,OracleRegistry.getAssetsPrices
DA:154,1
DA:155,1
DA:156,1
DA:158,1
DA:161,0
DA:164,3
FN:164,OracleRegistry.getOracleInfo
FNDA:3,OracleRegistry.getOracleInfo
DA:167,3
DA:170,0
FN:170,OracleRegistry.getSpokeOracleInfo
FNDA:0,OracleRegistry.getSpokeOracleInfo
DA:174,0
DA:177,4
FN:177,OracleRegistry._verifyAnswer
FNDA:4,OracleRegistry._verifyAnswer
DA:182,4
BRDA:182,6,0,1
DA:183,1
DA:185,3
BRDA:185,7,0,1
DA:186,1
FNF:11
FNH:7
LF:59
LH:39
BRF:9
BRH:6
end_of_record
TN:
SF:src/registry/VaultsRegistry.sol
DA:41,1
FN:41,VaultsRegistry.isPermissionless
FNDA:1,VaultsRegistry.isPermissionless
DA:42,1
DA:48,21
FN:48,VaultsRegistry.addFacet
FNDA:21,VaultsRegistry.addFacet
DA:52,20
BRDA:52,0,0,1
DA:54,19
BRDA:54,1,0,17
DA:55,17
DA:56,17
DA:59,19
DA:60,32
DA:61,32
DA:62,1
BRDA:62,2,0,1
DA:67,31
DA:68,31
DA:71,31
DA:75,18
DA:81,10
FN:81,VaultsRegistry.editFacet
FNDA:10,VaultsRegistry.editFacet
DA:86,9
BRDA:86,3,0,1
DA:87,8
BRDA:87,4,0,1
DA:88,7
DA:89,1
BRDA:89,5,0,1
DA:91,6
DA:92,7
DA:93,2
BRDA:93,6,0,2
BRDA:93,6,1,4
DA:94,2
DA:95,1
BRDA:95,7,0,1
DA:100,1
DA:101,1
DA:103,5
DA:104,1
BRDA:104,8,0,1
DA:105,4
DA:107,4
DA:108,4
DA:109,4
BRDA:109,9,0,4
DA:110,4
DA:113,4
DA:114,4
DA:117,0
DA:123,1
DA:126,4
BRDA:126,10,0,1
DA:127,1
DA:128,1
DA:131,4
DA:137,4
FN:137,VaultsRegistry.removeFacet
FNDA:4,VaultsRegistry.removeFacet
DA:140,3
BRDA:140,11,0,1
DA:143,2
DA:146,2
DA:149,2
DA:150,2
DA:151,3
DA:153,3
DA:156,2
DA:158,2
DA:164,4
FN:164,VaultsRegistry.setProtocolFeeInfo
FNDA:4,VaultsRegistry.setProtocolFeeInfo
DA:169,3
BRDA:169,12,0,1
DA:170,2
BRDA:170,13,0,1
DA:172,1
DA:177,1
DA:180,3
FN:180,VaultsRegistry.setSelectorAndMask
FNDA:3,VaultsRegistry.setSelectorAndMask
DA:186,2
DA:195,1
FN:195,VaultsRegistry.protocolFeeInfo
FNDA:1,VaultsRegistry.protocolFeeInfo
DA:198,1
DA:204,5
FN:204,VaultsRegistry.addToWhitelist
FNDA:5,VaultsRegistry.addToWhitelist
DA:207,4
DA:213,3
FN:213,VaultsRegistry.removeFromWhitelist
FNDA:3,VaultsRegistry.removeFromWhitelist
DA:216,2
DA:222,7
FN:222,VaultsRegistry.isWhitelisted
FNDA:7,VaultsRegistry.isWhitelisted
DA:225,7
DA:228,3
FN:228,VaultsRegistry.selectorInfo
FNDA:3,VaultsRegistry.selectorInfo
DA:232,3
DA:242,2
FN:242,VaultsRegistry.setBridge
FNDA:2,VaultsRegistry.setBridge
DA:246,2
DA:247,2
DA:250,2
FN:250,VaultsRegistry.setIsCrossChainAccountingManager
FNDA:2,VaultsRegistry.setIsCrossChainAccountingManager
DA:254,2
DA:256,2
DA:262,1
FN:262,VaultsRegistry.setDefaultCrossChainAccountingManager
FNDA:1,VaultsRegistry.setDefaultCrossChainAccountingManager
DA:265,1
DA:267,1
DA:273,3
FN:273,VaultsRegistry.isBridgeAllowed
FNDA:3,VaultsRegistry.isBridgeAllowed
DA:276,3
DA:282,3
FN:282,VaultsRegistry.isCrossChainAccountingManager
FNDA:3,VaultsRegistry.isCrossChainAccountingManager
DA:285,3
DA:296,9
FN:296,VaultsRegistry._isFacetAllowed
FNDA:9,VaultsRegistry._isFacetAllowed
DA:299,9
FNF:17
FNH:17
LF:84
LH:83
BRF:15
BRH:15
end_of_record
