TN:
SF:src/MoreVaultsDiamond.sol
DA:18,11
FN:18,MoreVaultsDiamond.constructor
FNDA:11,MoreVaultsDiamond.constructor
DA:28,11
DA:29,11
DA:30,11
DA:31,11
DA:38,11
DA:39,11
DA:40,11
DA:46,11
DA:48,11
DA:49,11
DA:50,11
DA:52,11
DA:53,11
BRDA:53,0,0,4
DA:54,4
DA:56,11
DA:61,5
FN:61,MoreVaultsDiamond.fallback
FNDA:5,MoreVaultsDiamond.fallback
DA:62,5
DA:63,5
DA:66,0
DA:69,5
DA:70,5
BRDA:70,1,0,1
DA:71,1
DA:76,0
DA:78,0
DA:80,0
DA:83,0
DA:84,0
DA:88,2
FN:88,MoreVaultsDiamond.receive
FNDA:2,MoreVaultsDiamond.receive
DA:89,2
DA:90,2
BRDA:90,2,0,1
DA:91,1
FNF:3
FNH:3
LF:32
LH:26
BRF:3
BRH:3
end_of_record
TN:
SF:src/cross-chain/layerZero/LzAdapter.sol
DA:103,152
FN:103,LzAdapter.constructor
FNDA:152,LzAdapter.constructor
DA:111,152
DA:112,152
DA:113,152
DA:114,152
DA:115,152
DA:121,21
FN:121,LzAdapter.paused
FNDA:21,LzAdapter.paused
DA:122,21
DA:128,12
FN:128,LzAdapter.quoteBridgeFee
FNDA:12,LzAdapter.quoteBridgeFee
DA:129,12
DA:130,12
DA:131,12
DA:137,1
FN:137,LzAdapter.quoteReadFee
FNDA:1,LzAdapter.quoteReadFee
DA:142,1
DA:143,1
DA:149,3
FN:149,LzAdapter.pause
FNDA:3,LzAdapter.pause
DA:150,0
DA:156,2
FN:156,LzAdapter.unpause
FNDA:2,LzAdapter.unpause
DA:157,0
DA:163,2
FN:163,LzAdapter.pauseEid
FNDA:2,LzAdapter.pauseEid
DA:164,2
DA:165,2
DA:171,1
FN:171,LzAdapter.unpauseEid
FNDA:1,LzAdapter.unpauseEid
DA:172,1
DA:173,1
DA:176,3
FN:176,LzAdapter.isEidPaused
FNDA:3,LzAdapter.isEidPaused
DA:177,3
DA:183,3
FN:183,LzAdapter.setSlippage
FNDA:3,LzAdapter.setSlippage
DA:184,3
BRDA:184,0,0,1
DA:185,2
DA:191,2
FN:191,LzAdapter.setReadChannel
FNDA:2,LzAdapter.setReadChannel
DA:192,2
DA:193,2
DA:199,1
FN:199,LzAdapter.setComposer
FNDA:1,LzAdapter.setComposer
DA:200,1
BRDA:200,1,0,-
DA:201,1
DA:203,1
DA:206,0
FN:206,LzAdapter.setGasLimit
FNDA:0,LzAdapter.setGasLimit
DA:207,0
DA:209,0
DA:215,11
FN:215,LzAdapter.executeBridging
FNDA:11,LzAdapter.executeBridging
DA:216,11
DA:217,11
DA:218,11
DA:224,1
FN:224,LzAdapter.initiateCrossChainAccounting
FNDA:1,LzAdapter.initiateCrossChainAccounting
DA:230,1
BRDA:230,2,0,-
DA:231,0
DA:233,1
DA:235,1
DA:243,1
DA:249,5
FN:249,LzAdapter.lzReduce
FNDA:5,LzAdapter.lzReduce
DA:250,5
BRDA:250,3,0,2
DA:251,3
DA:252,3
DA:253,3
DA:254,7
DA:255,7
BRDA:255,4,0,-
DA:256,7
DA:259,7
DA:262,3
DA:268,5
FN:268,LzAdapter.rescueToken
FNDA:5,LzAdapter.rescueToken
DA:269,5
BRDA:269,5,0,3
BRDA:269,5,1,-
DA:270,3
DA:271,3
BRDA:271,6,0,-
DA:273,2
DA:283,100
FN:283,LzAdapter.setTrustedOFTs
FNDA:100,LzAdapter.setTrustedOFTs
DA:284,100
BRDA:284,7,0,1
DA:286,99
DA:287,188
DA:289,188
DA:299,15
FN:299,LzAdapter.isTrustedOFT
FNDA:15,LzAdapter.isTrustedOFT
DA:300,15
DA:307,9
FN:307,LzAdapter.getTrustedOFTs
FNDA:9,LzAdapter.getTrustedOFTs
DA:308,9
DA:311,2
FN:311,LzAdapter._getCmd
FNDA:2,LzAdapter._getCmd
DA:315,2
DA:316,2
DA:319,2
DA:320,2
DA:330,2
DA:334,2
DA:346,2
DA:353,14
FN:353,LzAdapter._lzReceive
FNDA:14,LzAdapter._lzReceive
DA:360,14
DA:362,14
DA:363,14
BRDA:363,8,0,-
DA:365,14
DA:366,14
BRDA:366,9,0,3
DA:367,3
DA:370,14
DA:373,5
FN:373,LzAdapter._callbackToComposer
FNDA:5,LzAdapter._callbackToComposer
DA:374,5
BRDA:374,10,0,1
BRDA:374,10,1,-
DA:375,1
DA:377,4
DA:382,26
FN:382,LzAdapter._validateBridgeParams
FNDA:26,LzAdapter._validateBridgeParams
DA:384,26
BRDA:384,11,0,4
DA:385,4
DA:389,1
BRDA:389,12,0,1
DA:392,21
BRDA:392,13,0,1
DA:393,1
DA:398,11
FN:398,LzAdapter._executeBridging
FNDA:11,LzAdapter._executeBridging
DA:406,11
BRDA:406,14,0,2
DA:409,9
BRDA:409,15,0,1
DA:411,8
BRDA:411,16,0,-
BRDA:411,16,1,-
DA:412,0
DA:413,0
BRDA:413,17,0,-
DA:414,0
DA:418,8
BRDA:418,18,0,-
DA:419,0
DA:423,8
BRDA:423,19,0,-
DA:424,0
DA:426,8
DA:428,8
DA:429,8
BRDA:429,20,0,8
BRDA:429,20,1,-
DA:430,8
DA:433,0
DA:436,8
DA:438,8
DA:442,12
FN:442,LzAdapter._quoteFee
FNDA:12,LzAdapter._quoteFee
DA:447,12
DA:449,12
DA:451,11
DA:453,12
DA:463,12
DA:464,11
DA:467,8
FN:467,LzAdapter._executeOFTSend
FNDA:8,LzAdapter._executeOFTSend
DA:474,8
DA:476,8
DA:478,8
DA:488,8
DA:489,8
BRDA:489,21,0,2
DA:491,6
DA:492,6
BRDA:492,22,0,-
BRDA:492,22,1,6
DA:493,0
DA:495,6
DA:497,6
DA:499,6
BRDA:499,23,0,1
DA:500,1
DA:501,1
DA:502,1
BRDA:502,24,0,-
DA:505,6
DA:513,188
FN:513,LzAdapter._setTrustedOFT
FNDA:188,LzAdapter._setTrustedOFT
DA:514,188
BRDA:514,25,0,2
DA:516,186
DA:517,186
BRDA:517,26,0,8
DA:518,8
DA:521,178
DA:523,174
BRDA:523,27,0,174
BRDA:523,27,1,4
DA:524,174
DA:527,4
DA:528,8
BRDA:528,28,0,4
DA:529,4
DA:530,4
DA:531,0
DA:534,4
DA:539,174
FNF:28
FNH:27
LF:156
LH:142
BRF:35
BRH:20
end_of_record
TN:
SF:src/cross-chain/layerZero/VaultComposerAsync.sol
DA:67,48
FN:67,VaultComposerAsync.constructor
FNDA:48,VaultComposerAsync.constructor
DA:68,48
DA:69,48
DA:70,48
DA:72,48
DA:74,48
DA:75,48
DA:76,48
BRDA:76,0,0,1
DA:77,1
DA:81,47
BRDA:81,1,0,1
DA:82,1
DA:86,46
DA:99,3
FN:99,VaultComposerAsync.quoteSend
FNDA:3,VaultComposerAsync.quoteSend
DA:106,3
BRDA:106,2,0,1
DA:108,2
DA:109,2
BRDA:109,3,0,1
DA:110,1
DA:113,1
DA:114,1
DA:125,12
FN:125,VaultComposerAsync.lzCompose
FNDA:12,VaultComposerAsync.lzCompose
DA:132,12
BRDA:132,4,0,1
DA:133,11
BRDA:133,5,0,10
DA:134,10
BRDA:134,6,0,1
DA:135,1
DA:139,10
DA:140,10
DA:141,10
DA:142,10
DA:145,10
BRDA:145,7,0,10
DA:146,7
DA:147,3
BRDA:147,7,1,3
DA:150,3
BRDA:150,8,0,2
DA:152,0
DA:156,1
DA:157,1
DA:171,11
FN:171,VaultComposerAsync.handleCompose
FNDA:11,VaultComposerAsync.handleCompose
DA:179,11
BRDA:179,9,0,1
DA:183,10
DA:184,10
BRDA:184,10,0,1
DA:185,1
DA:188,9
DA:196,6
FN:196,VaultComposerAsync.completeDeposit
FNDA:6,VaultComposerAsync.completeDeposit
DA:197,6
BRDA:197,11,0,1
DA:199,5
DA:200,5
BRDA:200,12,0,1
DA:202,4
DA:203,4
DA:205,3
DA:206,3
DA:208,4
DA:209,3
DA:210,4
DA:213,4
FN:213,VaultComposerAsync.refundDeposit
FNDA:4,VaultComposerAsync.refundDeposit
DA:214,4
BRDA:214,13,0,1
DA:215,3
DA:216,3
BRDA:216,14,0,2
DA:218,1
DA:221,1
DA:222,1
DA:223,1
DA:224,1
DA:226,1
DA:227,1
DA:230,1
DA:240,4
FN:240,VaultComposerAsync._assertSlippage
FNDA:4,VaultComposerAsync._assertSlippage
DA:241,4
BRDA:241,15,0,1
DA:242,1
DA:258,9
FN:258,VaultComposerAsync._initDeposit
FNDA:9,VaultComposerAsync._initDeposit
DA:266,9
DA:267,9
BRDA:267,16,0,1
DA:268,1
DA:270,8
DA:271,8
DA:272,8
BRDA:272,17,0,7
BRDA:272,17,1,-
DA:273,7
DA:274,7
DA:276,1
DA:277,1
DA:278,1
DA:279,1
DA:280,1
DA:281,1
DA:283,7
DA:284,7
DA:285,7
DA:297,4
FN:297,VaultComposerAsync._deposit
FNDA:4,VaultComposerAsync._deposit
DA:298,4
DA:299,4
DA:300,4
DA:311,4
FN:311,VaultComposerAsync._send
FNDA:4,VaultComposerAsync._send
DA:312,4
BRDA:312,18,0,2
BRDA:312,18,1,-
DA:313,2
BRDA:313,19,0,1
DA:314,1
DA:317,2
DA:328,1
FN:328,VaultComposerAsync._refund
FNDA:1,VaultComposerAsync._refund
DA:330,1
DA:331,1
DA:332,1
DA:333,1
DA:335,1
FNF:11
FNH:11
LF:100
LH:99
BRF:23
BRH:21
end_of_record
TN:
SF:src/facets/AccessControlFacet.sol
DA:11,31
FN:11,AccessControlFacet.INITIALIZABLE_STORAGE_SLOT
FNDA:31,AccessControlFacet.INITIALIZABLE_STORAGE_SLOT
DA:12,31
DA:15,1
FN:15,AccessControlFacet.facetName
FNDA:1,AccessControlFacet.facetName
DA:16,1
DA:19,1
FN:19,AccessControlFacet.facetVersion
FNDA:1,AccessControlFacet.facetVersion
DA:20,1
DA:23,31
FN:23,AccessControlFacet.initialize
FNDA:31,AccessControlFacet.initialize
DA:24,31
DA:26,31
DA:28,31
DA:29,31
DA:30,31
DA:32,31
DA:35,1
FN:35,AccessControlFacet.onFacetRemoval
FNDA:1,AccessControlFacet.onFacetRemoval
DA:36,1
DA:37,1
DA:43,4
FN:43,AccessControlFacet.transferOwnership
FNDA:4,AccessControlFacet.transferOwnership
DA:44,4
DA:45,4
DA:51,3
FN:51,AccessControlFacet.acceptOwnership
FNDA:3,AccessControlFacet.acceptOwnership
DA:52,3
DA:53,2
DA:54,2
DA:60,4
FN:60,AccessControlFacet.transferCuratorship
FNDA:4,AccessControlFacet.transferCuratorship
DA:61,4
DA:62,4
DA:68,4
FN:68,AccessControlFacet.transferGuardian
FNDA:4,AccessControlFacet.transferGuardian
DA:69,4
DA:70,4
DA:76,1
FN:76,AccessControlFacet.owner
FNDA:1,AccessControlFacet.owner
DA:77,1
DA:83,1
FN:83,AccessControlFacet.pendingOwner
FNDA:1,AccessControlFacet.pendingOwner
DA:84,1
DA:90,3
FN:90,AccessControlFacet.curator
FNDA:3,AccessControlFacet.curator
DA:91,3
DA:97,4
FN:97,AccessControlFacet.guardian
FNDA:4,AccessControlFacet.guardian
DA:98,4
DA:104,1
FN:104,AccessControlFacet.moreVaultsRegistry
FNDA:1,AccessControlFacet.moreVaultsRegistry
DA:105,1
FNF:14
FNH:14
LF:39
LH:39
BRF:0
BRH:0
end_of_record
TN:
SF:src/facets/BaseFacetInitializer.sol
DA:31,190
FN:31,BaseFacetInitializer.layoutInitializableStorage
FNDA:190,BaseFacetInitializer.layoutInitializableStorage
DA:32,190
DA:34,0
DA:41,190
FN:41,BaseFacetInitializer.initializerFacet
FNDA:190,BaseFacetInitializer.initializerFacet
DA:42,190
DA:43,1
BRDA:43,0,0,1
DA:44,1
DA:47,189
DA:48,189
BRDA:48,1,0,189
DA:49,189
DA:50,189
DA:55,188
BRDA:55,2,0,188
DA:56,188
DA:64,0
FN:64,BaseFacetInitializer.onlyInitializingFacet
FNDA:0,BaseFacetInitializer.onlyInitializingFacet
DA:65,0
BRDA:65,3,0,-
DA:66,0
DA:72,0
FN:72,BaseFacetInitializer._isConstructor
FNDA:0,BaseFacetInitializer._isConstructor
DA:78,0
DA:79,0
DA:81,0
DA:83,0
FNF:4
FNH:2
LF:21
LH:12
BRF:4
BRH:3
end_of_record
TN:
SF:src/facets/BridgeFacet.sol
DA:28,1
FN:28,BridgeFacet.INITIALIZABLE_STORAGE_SLOT
FNDA:1,BridgeFacet.INITIALIZABLE_STORAGE_SLOT
DA:29,1
DA:32,0
FN:32,BridgeFacet.facetName
FNDA:0,BridgeFacet.facetName
DA:33,0
DA:36,0
FN:36,BridgeFacet.facetVersion
FNDA:0,BridgeFacet.facetVersion
DA:37,0
DA:40,1
FN:40,BridgeFacet.initialize
FNDA:1,BridgeFacet.initialize
DA:41,1
DA:42,1
DA:45,1
FN:45,BridgeFacet.accountingBridgeFacet
FNDA:1,BridgeFacet.accountingBridgeFacet
DA:46,1
DA:47,1
DA:48,1
DA:49,1
DA:50,1
DA:51,2
DA:52,2
DA:53,2
DA:55,2
DA:58,1
DA:61,1
FN:61,BridgeFacet.onFacetRemoval
FNDA:1,BridgeFacet.onFacetRemoval
DA:62,1
DA:63,1
DA:65,1
DA:70,4
FN:70,BridgeFacet.setOraclesCrossChainAccounting
FNDA:4,BridgeFacet.setOraclesCrossChainAccounting
DA:71,4
DA:72,4
DA:73,4
DA:74,4
DA:76,4
DA:77,4
BRDA:77,0,0,1
DA:78,1
DA:80,3
BRDA:80,1,0,3
DA:81,3
DA:82,2
DA:83,2
DA:85,2
BRDA:85,2,0,1
DA:86,1
DA:89,1
DA:93,2
BRDA:93,3,0,2
BRDA:93,3,1,-
DA:94,2
DA:95,2
DA:97,0
DA:101,2
DA:103,2
DA:106,2
FN:106,BridgeFacet.executeBridging
FNDA:2,BridgeFacet.executeBridging
DA:112,2
DA:113,0
DA:114,2
DA:115,2
BRDA:115,4,0,1
DA:116,1
DA:118,1
DA:119,1
DA:122,0
FN:122,BridgeFacet.quoteAccountingFee
FNDA:0,BridgeFacet.quoteAccountingFee
DA:123,0
DA:124,0
DA:125,0
DA:126,0
DA:127,0
DA:128,0
DA:131,6
FN:131,BridgeFacet.initVaultActionRequest
FNDA:6,BridgeFacet.initVaultActionRequest
DA:136,6
DA:137,6
DA:138,6
DA:139,6
BRDA:139,5,0,6
DA:140,1
BRDA:140,6,0,1
DA:141,1
DA:143,5
DA:147,5
FN:147,BridgeFacet._createCrossChainRequest
FNDA:5,BridgeFacet._createCrossChainRequest
DA:155,5
DA:159,5
DA:160,5
DA:168,5
DA:171,5
FN:171,BridgeFacet.updateAccountingInfoForRequest
FNDA:5,BridgeFacet.updateAccountingInfoForRequest
DA:172,5
DA:173,5
BRDA:173,7,0,1
DA:174,1
DA:176,3
BRDA:176,8,0,3
DA:177,3
DA:180,4
DA:182,4
DA:185,3
FN:185,BridgeFacet.finalizeRequest
FNDA:3,BridgeFacet.finalizeRequest
DA:186,3
DA:187,3
DA:188,3
BRDA:188,9,0,1
DA:189,1
DA:191,2
BRDA:191,10,0,1
DA:192,1
DA:194,1
DA:196,1
DA:197,1
BRDA:197,11,0,1
BRDA:197,11,1,-
DA:198,1
DA:199,1
DA:200,0
BRDA:200,12,0,-
BRDA:200,12,1,-
DA:201,0
DA:202,0
DA:203,0
DA:208,0
BRDA:208,13,0,-
BRDA:208,13,1,-
DA:209,0
DA:210,0
DA:211,0
BRDA:211,14,0,-
BRDA:211,14,1,-
DA:212,0
DA:213,0
DA:214,0
DA:216,0
BRDA:216,15,0,-
BRDA:216,15,1,-
DA:217,0
DA:218,0
DA:219,0
DA:221,0
BRDA:221,16,0,-
DA:222,0
DA:223,0
DA:225,1
BRDA:225,17,0,-
DA:227,1
DA:230,3
FN:230,BridgeFacet.getRequestInfo
FNDA:3,BridgeFacet.getRequestInfo
DA:231,3
DA:232,3
FNF:14
FNH:11
LF:116
LH:85
BRF:24
BRH:12
end_of_record
TN:
SF:src/facets/ConfigurationFacet.sol
DA:14,1
FN:14,ConfigurationFacet.INITIALIZABLE_STORAGE_SLOT
FNDA:1,ConfigurationFacet.INITIALIZABLE_STORAGE_SLOT
DA:15,1
DA:18,1
FN:18,ConfigurationFacet.facetName
FNDA:1,ConfigurationFacet.facetName
DA:19,1
DA:22,1
FN:22,ConfigurationFacet.facetVersion
FNDA:1,ConfigurationFacet.facetVersion
DA:23,1
DA:26,1
FN:26,ConfigurationFacet.initialize
FNDA:1,ConfigurationFacet.initialize
DA:27,1
DA:28,1
DA:29,1
DA:30,1
DA:33,1
FN:33,ConfigurationFacet.onFacetRemoval
FNDA:1,ConfigurationFacet.onFacetRemoval
DA:34,1
DA:35,1
DA:41,2
FN:41,ConfigurationFacet.setMaxSlippagePercent
FNDA:2,ConfigurationFacet.setMaxSlippagePercent
DA:42,2
DA:43,2
DA:44,2
BRDA:44,0,0,1
DA:45,1
DA:47,1
DA:53,1
FN:53,ConfigurationFacet.setGasLimitForAccounting
FNDA:1,ConfigurationFacet.setGasLimitForAccounting
DA:59,1
DA:60,1
DA:61,1
DA:62,1
DA:63,1
DA:64,1
DA:70,3
FN:70,ConfigurationFacet.setFeeRecipient
FNDA:3,ConfigurationFacet.setFeeRecipient
DA:71,3
DA:72,3
DA:78,2
FN:78,ConfigurationFacet.setDepositCapacity
FNDA:2,ConfigurationFacet.setDepositCapacity
DA:79,2
DA:80,2
DA:86,3
FN:86,ConfigurationFacet.setDepositWhitelist
FNDA:3,ConfigurationFacet.setDepositWhitelist
DA:87,3
BRDA:87,1,0,1
DA:88,1
DA:90,2
DA:91,2
DA:97,1
FN:97,ConfigurationFacet.enableDepositWhitelist
FNDA:1,ConfigurationFacet.enableDepositWhitelist
DA:98,1
DA:99,1
DA:105,1
FN:105,ConfigurationFacet.disableDepositWhitelist
FNDA:1,ConfigurationFacet.disableDepositWhitelist
DA:106,1
DA:107,1
DA:113,1
FN:113,ConfigurationFacet.setTimeLockPeriod
FNDA:1,ConfigurationFacet.setTimeLockPeriod
DA:114,1
DA:115,1
DA:121,13
FN:121,ConfigurationFacet.addAvailableAsset
FNDA:13,ConfigurationFacet.addAvailableAsset
DA:122,13
DA:123,13
DA:124,10
DA:130,3
FN:130,ConfigurationFacet.addAvailableAssets
FNDA:3,ConfigurationFacet.addAvailableAssets
DA:131,3
DA:133,2
DA:134,4
DA:136,4
DA:139,1
DA:145,9
FN:145,ConfigurationFacet.enableAssetToDeposit
FNDA:9,ConfigurationFacet.enableAssetToDeposit
DA:146,9
DA:147,9
DA:153,4
FN:153,ConfigurationFacet.disableAssetToDeposit
FNDA:4,ConfigurationFacet.disableAssetToDeposit
DA:154,4
DA:155,4
DA:161,0
FN:161,ConfigurationFacet.setWithdrawalTimelock
FNDA:0,ConfigurationFacet.setWithdrawalTimelock
DA:162,0
DA:163,0
DA:165,0
DA:166,0
DA:172,1
FN:172,ConfigurationFacet.setWithdrawalFee
FNDA:1,ConfigurationFacet.setWithdrawalFee
DA:173,1
DA:174,1
DA:175,1
BRDA:175,2,0,-
DA:176,1
DA:177,1
DA:183,1
FN:183,ConfigurationFacet.updateWithdrawalQueueStatus
FNDA:1,ConfigurationFacet.updateWithdrawalQueueStatus
DA:184,1
DA:185,1
DA:186,1
DA:187,1
DA:193,0
FN:193,ConfigurationFacet.setCrossChainAccountingManager
FNDA:0,ConfigurationFacet.setCrossChainAccountingManager
DA:194,0
DA:195,0
DA:196,0
DA:197,0
BRDA:197,3,0,-
DA:198,0
DA:200,0
DA:202,0
DA:208,2
FN:208,ConfigurationFacet.getWithdrawalFee
FNDA:2,ConfigurationFacet.getWithdrawalFee
DA:209,2
DA:210,2
DA:216,2
FN:216,ConfigurationFacet.getWithdrawalQueueStatus
FNDA:2,ConfigurationFacet.getWithdrawalQueueStatus
DA:217,2
DA:218,2
DA:224,2
FN:224,ConfigurationFacet.isAssetDepositable
FNDA:2,ConfigurationFacet.isAssetDepositable
DA:225,2
DA:231,2
FN:231,ConfigurationFacet.isAssetAvailable
FNDA:2,ConfigurationFacet.isAssetAvailable
DA:232,2
DA:238,1
FN:238,ConfigurationFacet.getAvailableAssets
FNDA:1,ConfigurationFacet.getAvailableAssets
DA:239,1
DA:245,4
FN:245,ConfigurationFacet.getDepositableAssets
FNDA:4,ConfigurationFacet.getDepositableAssets
DA:246,4
DA:252,1
FN:252,ConfigurationFacet.fee
FNDA:1,ConfigurationFacet.fee
DA:253,1
DA:259,1
FN:259,ConfigurationFacet.feeRecipient
FNDA:1,ConfigurationFacet.feeRecipient
DA:260,1
DA:266,1
FN:266,ConfigurationFacet.depositCapacity
FNDA:1,ConfigurationFacet.depositCapacity
DA:267,1
DA:273,1
FN:273,ConfigurationFacet.timeLockPeriod
FNDA:1,ConfigurationFacet.timeLockPeriod
DA:274,1
DA:280,1
FN:280,ConfigurationFacet.getDepositWhitelist
FNDA:1,ConfigurationFacet.getDepositWhitelist
DA:281,1
DA:287,2
FN:287,ConfigurationFacet.isDepositWhitelistEnabled
FNDA:2,ConfigurationFacet.isDepositWhitelistEnabled
DA:288,2
DA:294,0
FN:294,ConfigurationFacet.isHub
FNDA:0,ConfigurationFacet.isHub
DA:295,0
DA:301,0
FN:301,ConfigurationFacet.lockedTokensAmountOfAsset
FNDA:0,ConfigurationFacet.lockedTokensAmountOfAsset
DA:302,0
DA:303,0
DA:309,0
FN:309,ConfigurationFacet.getStakingAddresses
FNDA:0,ConfigurationFacet.getStakingAddresses
DA:310,0
DA:311,0
DA:317,0
FN:317,ConfigurationFacet.tokensHeld
FNDA:0,ConfigurationFacet.tokensHeld
DA:318,0
DA:319,0
DA:325,0
FN:325,ConfigurationFacet.getWithdrawalTimelock
FNDA:0,ConfigurationFacet.getWithdrawalTimelock
DA:326,0
DA:327,0
FNF:38
FNH:31
LF:127
LH:100
BRF:4
BRH:2
end_of_record
TN:
SF:src/facets/DiamondCutFacet.sol
DA:10,12
FN:10,DiamondCutFacet.INITIALIZABLE_STORAGE_SLOT
FNDA:12,DiamondCutFacet.INITIALIZABLE_STORAGE_SLOT
DA:11,12
DA:14,1
FN:14,DiamondCutFacet.facetName
FNDA:1,DiamondCutFacet.facetName
DA:15,1
DA:18,1
FN:18,DiamondCutFacet.facetVersion
FNDA:1,DiamondCutFacet.facetVersion
DA:19,1
DA:22,12
FN:22,DiamondCutFacet.initialize
FNDA:12,DiamondCutFacet.initialize
DA:23,12
DA:24,12
DA:27,1
FN:27,DiamondCutFacet.onFacetRemoval
FNDA:1,DiamondCutFacet.onFacetRemoval
DA:28,1
DA:29,1
DA:35,7
FN:35,DiamondCutFacet.diamondCut
FNDA:7,DiamondCutFacet.diamondCut
DA:36,7
DA:37,7
FNF:6
FNH:6
LF:15
LH:15
BRF:0
BRH:0
end_of_record
TN:
SF:src/facets/DiamondLoupeFacet.sol
DA:10,1
FN:10,DiamondLoupeFacet.INITIALIZABLE_STORAGE_SLOT
FNDA:1,DiamondLoupeFacet.INITIALIZABLE_STORAGE_SLOT
DA:11,1
DA:14,1
FN:14,DiamondLoupeFacet.facetName
FNDA:1,DiamondLoupeFacet.facetName
DA:15,1
DA:18,1
FN:18,DiamondLoupeFacet.facetVersion
FNDA:1,DiamondLoupeFacet.facetVersion
DA:19,1
DA:22,1
FN:22,DiamondLoupeFacet.initialize
FNDA:1,DiamondLoupeFacet.initialize
DA:23,1
DA:24,1
DA:25,1
DA:28,1
FN:28,DiamondLoupeFacet.onFacetRemoval
FNDA:1,DiamondLoupeFacet.onFacetRemoval
DA:29,1
DA:30,1
DA:31,1
DA:37,1
FN:37,DiamondLoupeFacet.facets
FNDA:1,DiamondLoupeFacet.facets
DA:38,1
DA:39,1
DA:40,1
DA:41,1
DA:42,2
DA:43,2
DA:44,2
DA:46,2
DA:54,1
FN:54,DiamondLoupeFacet.facetFunctionSelectors
FNDA:1,DiamondLoupeFacet.facetFunctionSelectors
DA:60,1
DA:61,1
DA:67,1
FN:67,DiamondLoupeFacet.facetAddresses
FNDA:1,DiamondLoupeFacet.facetAddresses
DA:68,1
DA:69,1
DA:75,2
FN:75,DiamondLoupeFacet.facetAddress
FNDA:2,DiamondLoupeFacet.facetAddress
DA:76,2
DA:77,2
DA:81,2
FN:81,DiamondLoupeFacet.supportsInterface
FNDA:2,DiamondLoupeFacet.supportsInterface
DA:82,2
DA:83,2
FNF:10
FNH:10
LF:35
LH:35
BRF:0
BRH:0
end_of_record
TN:
SF:src/facets/ERC4626Facet.sol
DA:58,38
FN:58,ERC4626Facet.INITIALIZABLE_STORAGE_SLOT
FNDA:38,ERC4626Facet.INITIALIZABLE_STORAGE_SLOT
DA:59,38
DA:66,1
FN:66,ERC4626Facet.facetName
FNDA:1,ERC4626Facet.facetName
DA:67,1
DA:74,1
FN:74,ERC4626Facet.facetVersion
FNDA:1,ERC4626Facet.facetVersion
DA:75,1
DA:82,38
FN:82,ERC4626Facet.initialize
FNDA:38,ERC4626Facet.initialize
DA:83,38
DA:84,38
DA:85,38
DA:87,38
DA:88,38
DA:95,1
FN:95,ERC4626Facet.onFacetRemoval
FNDA:1,ERC4626Facet.onFacetRemoval
DA:96,1
DA:97,1
DA:99,1
DA:100,1
BRDA:100,0,0,1
DA:101,1
DA:108,3
FN:108,ERC4626Facet.accountingERC4626Facet
FNDA:3,ERC4626Facet.accountingERC4626Facet
DA:109,3
DA:110,3
DA:111,2
DA:112,1
BRDA:112,1,0,1
DA:114,1
DA:116,1
DA:118,1
DA:119,1
DA:120,1
DA:121,1
DA:123,1
DA:126,3
DA:132,8
FN:132,ERC4626Facet.erc4626Deposit
FNDA:8,ERC4626Facet.erc4626Deposit
DA:133,8
BRDA:133,2,0,1
DA:134,7
DA:135,6
DA:136,5
DA:138,5
DA:140,5
DA:141,5
DA:142,5
DA:143,5
DA:144,5
DA:145,5
DA:147,1
BRDA:147,3,0,1
DA:148,1
DA:151,4
DA:157,5
FN:157,ERC4626Facet.erc4626Mint
FNDA:5,ERC4626Facet.erc4626Mint
DA:158,5
BRDA:158,4,0,1
DA:159,4
DA:160,3
DA:161,3
DA:163,3
DA:165,3
DA:166,3
DA:167,3
DA:168,3
DA:169,3
DA:170,3
DA:171,3
DA:173,1
BRDA:173,5,0,1
DA:174,1
DA:177,2
DA:183,3
FN:183,ERC4626Facet.erc4626Withdraw
FNDA:3,ERC4626Facet.erc4626Withdraw
DA:184,3
BRDA:184,6,0,1
DA:185,2
DA:186,2
DA:187,2
DA:189,2
DA:190,2
DA:191,2
DA:192,2
DA:193,2
DA:195,1
BRDA:195,7,0,1
DA:196,1
DA:198,1
DA:204,3
FN:204,ERC4626Facet.erc4626Redeem
FNDA:3,ERC4626Facet.erc4626Redeem
DA:205,3
BRDA:205,8,0,1
DA:206,2
DA:207,2
DA:208,2
DA:210,2
DA:211,2
DA:212,2
DA:213,2
DA:214,2
DA:216,1
BRDA:216,9,0,1
DA:217,1
DA:219,1
DA:227,25
FN:227,ERC4626Facet.genericAsyncActionExecution
FNDA:25,ERC4626Facet.genericAsyncActionExecution
DA:231,25
DA:232,24
DA:233,23
DA:235,23
DA:236,23
DA:237,23
DA:239,23
BRDA:239,10,0,1
DA:240,1
DA:243,22
DA:244,22
DA:245,22
DA:246,22
DA:247,22
DA:249,22
DA:250,22
DA:251,22
DA:252,22
DA:254,22
DA:255,22
BRDA:255,11,0,1
DA:256,21
DA:258,21
DA:259,21
DA:260,21
DA:262,21
BRDA:262,12,0,3
DA:263,3
DA:264,3
DA:267,18
BRDA:267,13,0,3
DA:268,3
DA:269,3
DA:272,15
DA:274,15
BRDA:274,14,0,2
DA:276,2
BRDA:276,15,0,1
BRDA:276,15,1,1
DA:277,1
DA:279,1
DA:281,2
DA:284,13
BRDA:284,16,0,2
DA:286,2
BRDA:286,17,0,1
BRDA:286,17,1,1
DA:287,1
DA:288,1
DA:290,1
DA:292,2
DA:296,11
DA:308,10
BRDA:308,18,0,10
BRDA:295,18,1,1
DA:309,10
DA:311,1
DA:322,22
FN:322,ERC4626Facet._replaceBytesInData
FNDA:22,ERC4626Facet._replaceBytesInData
DA:327,22
DA:328,22
DA:330,22
BRDA:330,19,0,-
DA:331,0
DA:334,22
DA:336,22
DA:337,22
DA:338,22
DA:340,22
DA:341,50
DA:342,50
DA:344,0
DA:345,0
DA:347,50
DA:348,50
DA:351,22
DA:352,50
BRDA:352,20,0,22
BRDA:352,20,1,28
DA:353,22
DA:355,28
DA:359,22
DA:361,0
DA:363,0
DA:365,0
DA:366,0
DA:367,0
DA:371,22
FNF:12
FNH:12
LF:161
LH:153
BRF:25
BRH:24
end_of_record
TN:
SF:src/facets/ERC7540Facet.sol
DA:34,30
FN:34,ERC7540Facet.INITIALIZABLE_STORAGE_SLOT
FNDA:30,ERC7540Facet.INITIALIZABLE_STORAGE_SLOT
DA:35,30
DA:42,1
FN:42,ERC7540Facet.facetName
FNDA:1,ERC7540Facet.facetName
DA:43,1
DA:50,1
FN:50,ERC7540Facet.facetVersion
FNDA:1,ERC7540Facet.facetVersion
DA:51,1
DA:58,30
FN:58,ERC7540Facet.initialize
FNDA:30,ERC7540Facet.initialize
DA:59,30
DA:60,30
DA:61,30
DA:63,30
DA:64,30
DA:71,1
FN:71,ERC7540Facet.onFacetRemoval
FNDA:1,ERC7540Facet.onFacetRemoval
DA:72,1
DA:73,1
DA:75,1
DA:76,1
BRDA:76,0,0,1
DA:77,1
DA:84,3
FN:84,ERC7540Facet.accountingERC7540Facet
FNDA:3,ERC7540Facet.accountingERC7540Facet
DA:85,3
DA:86,3
DA:87,2
DA:88,1
BRDA:88,1,0,1
DA:90,1
DA:92,1
DA:94,1
DA:95,1
DA:96,1
DA:97,1
DA:99,1
DA:102,3
DA:108,4
FN:108,ERC7540Facet.erc7540RequestDeposit
FNDA:4,ERC7540Facet.erc7540RequestDeposit
DA:109,4
BRDA:109,2,0,1
DA:110,3
DA:111,2
DA:113,1
DA:115,1
DA:116,1
DA:122,4
FN:122,ERC7540Facet.erc7540RequestRedeem
FNDA:4,ERC7540Facet.erc7540RequestRedeem
DA:123,4
BRDA:123,3,0,1
DA:124,3
DA:125,2
DA:127,3
DA:133,6
FN:133,ERC7540Facet.erc7540Deposit
FNDA:6,ERC7540Facet.erc7540Deposit
DA:134,6
BRDA:134,4,0,1
DA:135,5
DA:136,4
DA:137,3
DA:139,5
DA:140,3
DA:146,4
FN:146,ERC7540Facet.erc7540Mint
FNDA:4,ERC7540Facet.erc7540Mint
DA:147,4
BRDA:147,5,0,1
DA:148,3
DA:149,2
DA:150,1
DA:152,3
DA:153,1
DA:159,4
FN:159,ERC7540Facet.erc7540Withdraw
FNDA:4,ERC7540Facet.erc7540Withdraw
DA:160,4
BRDA:160,6,0,1
DA:161,3
DA:162,2
DA:163,1
DA:165,3
DA:166,1
DA:172,4
FN:172,ERC7540Facet.erc7540Redeem
FNDA:4,ERC7540Facet.erc7540Redeem
DA:173,4
BRDA:173,7,0,1
DA:174,3
DA:175,2
DA:176,1
DA:178,3
DA:179,1
FNF:12
FNH:12
LF:71
LH:71
BRF:8
BRH:8
end_of_record
TN:
SF:src/facets/MulticallFacet.sol
DA:14,1
FN:14,MulticallFacet.INITIALIZABLE_STORAGE_SLOT
FNDA:1,MulticallFacet.INITIALIZABLE_STORAGE_SLOT
DA:15,1
DA:18,1
FN:18,MulticallFacet.facetName
FNDA:1,MulticallFacet.facetName
DA:19,1
DA:22,1
FN:22,MulticallFacet.facetVersion
FNDA:1,MulticallFacet.facetVersion
DA:23,1
DA:26,1
FN:26,MulticallFacet.initialize
FNDA:1,MulticallFacet.initialize
DA:27,1
DA:29,1
DA:30,1
DA:32,1
DA:35,1
FN:35,MulticallFacet.onFacetRemoval
FNDA:1,MulticallFacet.onFacetRemoval
DA:36,1
DA:37,1
DA:43,11
FN:43,MulticallFacet.submitActions
FNDA:11,MulticallFacet.submitActions
DA:44,11
BRDA:44,0,0,1
DA:45,10
DA:46,10
DA:48,9
DA:50,9
DA:51,9
DA:53,9
DA:54,9
DA:56,9
DA:58,9
BRDA:58,1,0,2
DA:59,2
DA:66,6
FN:66,MulticallFacet.executeActions
FNDA:6,MulticallFacet.executeActions
DA:67,6
DA:69,6
DA:70,6
DA:72,6
BRDA:72,2,0,1
DA:73,1
DA:76,5
BRDA:76,3,0,1
DA:77,1
DA:80,4
DA:81,4
DA:82,4
DA:84,0
DA:85,0
DA:86,0
DA:87,0
DA:89,0
BRDA:89,4,0,-
DA:90,0
DA:91,0
DA:93,0
DA:94,0
DA:97,4
DA:98,4
DA:99,4
DA:101,4
DA:103,0
DA:104,0
DA:105,0
DA:107,0
BRDA:107,5,0,-
DA:108,0
DA:109,0
DA:111,0
DA:114,3
BRDA:114,6,0,1
DA:115,1
DA:117,1
BRDA:117,7,0,1
DA:118,1
DA:122,2
DA:124,2
DA:130,3
FN:130,MulticallFacet.vetoActions
FNDA:3,MulticallFacet.vetoActions
DA:131,3
DA:132,2
DA:134,2
DA:135,2
BRDA:135,8,0,1
DA:136,1
DA:139,1
DA:140,1
DA:142,1
DA:150,5
FN:150,MulticallFacet.getPendingActions
FNDA:5,MulticallFacet.getPendingActions
DA:156,5
DA:157,5
DA:163,1
FN:163,MulticallFacet.getCurrentNonce
FNDA:1,MulticallFacet.getCurrentNonce
DA:164,1
DA:167,4
FN:167,MulticallFacet._multicall
FNDA:4,MulticallFacet._multicall
DA:168,4
DA:169,4
DA:170,6
DA:171,6
BRDA:171,9,0,1
DA:172,1
DA:174,5
DA:176,5
FNF:11
FNH:11
LF:85
LH:69
BRF:10
BRH:8
end_of_record
TN:
SF:src/facets/VaultFacet.sol
DA:49,68
FN:49,VaultFacet.INITIALIZABLE_STORAGE_SLOT
FNDA:68,VaultFacet.INITIALIZABLE_STORAGE_SLOT
DA:50,68
DA:53,1
FN:53,VaultFacet.facetName
FNDA:1,VaultFacet.facetName
DA:54,1
DA:57,1
FN:57,VaultFacet.facetVersion
FNDA:1,VaultFacet.facetVersion
DA:58,1
DA:61,68
FN:61,VaultFacet.initialize
FNDA:68,VaultFacet.initialize
DA:62,68
DA:69,68
DA:70,68
BRDA:70,0,0,1
DA:71,1
DA:74,67
DA:77,67
DA:78,67
DA:79,67
DA:81,67
DA:82,67
DA:83,67
DA:84,67
DA:85,67
DA:86,67
DA:87,67
DA:90,1
FN:90,VaultFacet.onFacetRemoval
FNDA:1,VaultFacet.onFacetRemoval
DA:91,1
DA:92,1
DA:98,73
FN:98,VaultFacet.paused
FNDA:73,VaultFacet.paused
DA:99,73
DA:105,8
FN:105,VaultFacet.pause
FNDA:8,VaultFacet.pause
DA:107,8
DA:108,2
DA:109,1
BRDA:109,1,0,1
DA:110,1
DA:112,0
DA:118,3
FN:118,VaultFacet.unpause
FNDA:3,VaultFacet.unpause
DA:119,3
DA:120,3
DA:121,3
DA:122,3
DA:123,2
BRDA:123,2,0,1
DA:124,1
DA:127,1
DA:131,0
DA:134,54
FN:134,VaultFacet._beforeAccounting
FNDA:54,VaultFacet._beforeAccounting
DA:135,54
DA:138,79
FN:138,VaultFacet._accountAvailableAssets
FNDA:79,VaultFacet._accountAvailableAssets
DA:146,79
DA:148,0
DA:150,79
DA:151,85
DA:152,85
DA:155,0
DA:156,0
DA:157,0
DA:158,0
DA:159,0
DA:160,0
DA:161,0
BRDA:161,3,0,-
DA:163,0
DA:164,0
DA:165,0
DA:166,0
DA:168,0
DA:170,0
DA:173,0
DA:174,0
DA:175,0
DA:176,0
DA:178,0
BRDA:178,4,0,-
DA:181,0
DA:182,0
DA:185,85
BRDA:185,5,0,-
DA:186,0
DA:190,85
DA:192,85
DA:197,79
FN:197,VaultFacet._accountFacets
FNDA:79,VaultFacet._accountFacets
DA:204,0
DA:206,0
DA:208,0
DA:209,0
DA:211,0
DA:213,0
DA:215,0
DA:216,0
DA:217,0
DA:219,0
BRDA:219,6,0,-
DA:221,0
DA:222,0
DA:223,0
DA:224,0
DA:226,0
DA:227,0
DA:228,0
DA:232,0
DA:233,0
DA:235,0
BRDA:235,7,0,-
DA:236,0
BRDA:236,8,0,-
DA:241,0
BRDA:241,9,0,-
DA:248,79
FN:248,VaultFacet.totalAssets
FNDA:79,VaultFacet.totalAssets
DA:249,79
DA:252,79
DA:254,0
DA:257,79
DA:261,79
DA:264,0
FN:264,VaultFacet.totalAssetsUsd
FNDA:0,VaultFacet.totalAssetsUsd
DA:265,0
DA:268,0
DA:270,0
DA:273,0
DA:276,0
BRDA:276,10,0,-
DA:277,0
DA:280,0
DA:281,0
BRDA:281,11,0,-
DA:282,0
DA:285,0
DA:292,5
FN:292,VaultFacet.maxDeposit
FNDA:5,VaultFacet.maxDeposit
DA:295,5
DA:296,5
DA:297,5
BRDA:297,12,0,1
DA:298,1
DA:300,4
BRDA:300,13,0,1
BRDA:300,13,1,3
DA:301,1
DA:303,3
DA:311,5
FN:311,VaultFacet.maxMint
FNDA:5,VaultFacet.maxMint
DA:314,5
DA:315,5
DA:316,5
BRDA:316,14,0,1
DA:317,1
DA:319,4
BRDA:319,15,0,1
BRDA:319,15,1,3
DA:320,1
DA:322,3
DA:329,6
FN:329,VaultFacet.getWithdrawalRequest
FNDA:6,VaultFacet.getWithdrawalRequest
DA:330,6
DA:332,6
DA:334,6
DA:340,1
FN:340,VaultFacet.clearRequest
FNDA:1,VaultFacet.clearRequest
DA:341,1
DA:342,1
BRDA:342,16,0,-
DA:343,0
DA:346,1
DA:348,1
DA:349,1
DA:351,1
DA:357,8
FN:357,VaultFacet.requestRedeem
FNDA:8,VaultFacet.requestRedeem
DA:358,8
DA:360,7
DA:362,7
BRDA:362,17,0,-
DA:363,0
DA:365,7
BRDA:365,18,0,1
DA:366,1
DA:369,6
BRDA:369,19,0,1
DA:370,1
DA:373,5
DA:374,5
BRDA:374,20,0,-
DA:375,0
DA:378,5
DA:379,5
DA:380,5
DA:381,5
DA:383,5
DA:389,5
FN:389,VaultFacet.requestWithdraw
FNDA:5,VaultFacet.requestWithdraw
DA:390,5
DA:392,4
DA:393,4
BRDA:393,21,0,1
DA:394,1
DA:396,3
BRDA:396,22,0,-
DA:397,0
DA:400,3
BRDA:400,23,0,-
DA:401,0
DA:403,3
DA:404,3
BRDA:404,24,0,-
DA:405,0
DA:407,3
DA:408,3
DA:409,3
DA:411,3
DA:413,3
BRDA:413,25,0,-
DA:414,0
DA:417,3
DA:418,3
BRDA:418,26,0,-
DA:419,0
DA:422,3
DA:424,3
DA:426,3
DA:427,3
DA:429,3
DA:435,34
FN:435,VaultFacet.deposit.0
FNDA:34,VaultFacet.deposit.0
DA:442,34
DA:443,33
DA:445,33
DA:447,34
DA:448,32
DA:450,33
DA:452,33
DA:453,34
DA:459,5
FN:459,VaultFacet.mint
FNDA:5,VaultFacet.mint
DA:466,5
DA:467,4
DA:469,4
DA:471,5
DA:472,5
DA:474,4
DA:475,4
DA:476,5
DA:482,4
FN:482,VaultFacet.withdraw
FNDA:4,VaultFacet.withdraw
DA:489,4
DA:491,3
DA:492,3
DA:494,4
DA:496,3
DA:498,3
DA:500,3
BRDA:500,27,0,-
DA:501,0
DA:504,3
DA:505,3
BRDA:505,28,0,-
DA:506,0
DA:509,3
DA:515,4
FN:515,VaultFacet.redeem
FNDA:4,VaultFacet.redeem
DA:522,4
DA:523,3
DA:525,3
DA:527,3
BRDA:527,29,0,-
DA:528,0
DA:531,3
DA:532,3
BRDA:532,30,0,-
DA:533,0
DA:536,3
DA:537,3
DA:539,3
DA:541,3
DA:547,7
FN:547,VaultFacet.deposit.1
FNDA:7,VaultFacet.deposit.1
DA:553,7
DA:554,6
DA:555,6
BRDA:555,31,0,1
DA:556,1
DA:558,6
DA:559,6
DA:561,6
DA:563,6
BRDA:563,32,0,1
DA:564,1
DA:567,5
DA:568,5
DA:569,10
DA:570,9
DA:572,9
DA:575,0
BRDA:575,33,0,1
DA:576,1
DA:577,1
DA:580,4
DA:582,4
DA:583,4
DA:585,4
DA:586,1
BRDA:586,34,0,1
DA:587,1
DA:594,3
FN:594,VaultFacet.setFee
FNDA:3,VaultFacet.setFee
DA:595,3
DA:597,2
DA:598,2
DA:599,2
DA:601,2
DA:603,3
DA:615,43
FN:615,VaultFacet._convertToSharesWithTotals
FNDA:43,VaultFacet._convertToSharesWithTotals
DA:621,43
DA:633,13
FN:633,VaultFacet._convertToAssetsWithTotals
FNDA:13,VaultFacet._convertToAssetsWithTotals
DA:639,13
DA:650,32
FN:650,VaultFacet._deposit.0
FNDA:32,VaultFacet._deposit.0
DA:651,32
DA:653,32
DA:654,32
DA:666,2
FN:666,VaultFacet._deposit.1
FNDA:2,VaultFacet._deposit.1
DA:673,2
DA:674,4
DA:676,4
DA:679,2
DA:681,2
DA:689,54
FN:689,VaultFacet._accrueInterest
FNDA:54,VaultFacet._accrueInterest
DA:690,54
DA:692,54
DA:693,54
DA:694,54
DA:696,53
DA:700,53
BRDA:700,35,0,4
DA:701,4
DA:703,49
DA:704,49
DA:706,49
DA:707,49
DA:709,49
DA:711,49
DA:713,2
BRDA:713,37,0,1
DA:714,1
DA:715,1
DA:717,1
DA:721,2
DA:730,54
FN:730,VaultFacet._accruedFeeShares
FNDA:54,VaultFacet._accruedFeeShares
DA:731,54
DA:733,54
DA:734,54
DA:736,2
DA:737,54
BRDA:737,38,0,2
DA:738,2
DA:739,2
DA:751,40
FN:751,VaultFacet._validateCapacity
FNDA:40,VaultFacet._validateCapacity
DA:752,40
DA:754,3
BRDA:754,39,0,3
DA:755,3
DA:756,3
DA:757,3
BRDA:757,40,0,3
DA:758,3
DA:768,37
DA:769,37
BRDA:769,41,0,2
DA:770,2
DA:772,35
BRDA:772,42,0,3
DA:773,3
DA:774,3
BRDA:774,43,0,3
DA:775,3
DA:777,3
DA:788,54
FN:788,VaultFacet._checkVaultHealth
FNDA:54,VaultFacet._checkVaultHealth
DA:789,54
BRDA:789,44,0,1
DA:790,1
DA:799,70
FN:799,VaultFacet._decimalsOffset
FNDA:70,VaultFacet._decimalsOffset
DA:800,70
DA:803,1
FN:803,VaultFacet.previewDeposit
FNDA:1,VaultFacet.previewDeposit
DA:804,1
DA:805,1
DA:806,1
DA:807,1
DA:809,1
DA:810,1
DA:811,1
BRDA:811,45,0,-
DA:812,0
DA:813,0
DA:816,1
DA:818,1
DA:821,1
FN:821,VaultFacet.previewMint
FNDA:1,VaultFacet.previewMint
DA:822,1
DA:823,1
DA:824,1
DA:825,1
DA:827,1
DA:828,1
DA:829,1
BRDA:829,46,0,-
DA:830,0
DA:831,0
DA:834,1
DA:835,1
DA:838,2
FN:838,VaultFacet.previewWithdraw
FNDA:2,VaultFacet.previewWithdraw
DA:839,2
DA:840,2
DA:841,2
DA:842,2
DA:844,2
DA:845,2
DA:846,2
BRDA:846,47,0,-
DA:847,0
DA:848,0
DA:851,2
DA:854,2
DA:855,2
BRDA:855,48,0,1
DA:856,1
DA:859,2
DA:861,2
DA:864,2
FN:864,VaultFacet.previewRedeem
FNDA:2,VaultFacet.previewRedeem
DA:865,2
DA:866,2
DA:867,2
DA:868,2
DA:870,2
DA:871,2
DA:872,2
BRDA:872,49,0,-
DA:873,0
DA:874,0
DA:877,2
DA:879,2
DA:882,2
DA:883,2
BRDA:883,50,0,1
DA:884,1
DA:887,2
DA:890,51
FN:890,VaultFacet._getInfoForAction
FNDA:51,VaultFacet._getInfoForAction
DA:894,51
BRDA:894,51,0,-
DA:895,0
DA:897,51
DA:898,51
BRDA:898,52,0,-
BRDA:898,52,1,-
DA:899,0
DA:900,0
BRDA:900,53,0,-
BRDA:900,53,1,-
DA:901,0
DA:903,0
DA:904,0
DA:905,0
DA:908,51
DA:909,51
DA:910,51
DA:911,51
DA:915,6
FN:915,VaultFacet._handleWithdrawal
FNDA:6,VaultFacet._handleWithdrawal
DA:925,6
DA:926,6
BRDA:926,54,0,2
DA:927,2
DA:930,6
DA:932,6
DA:934,6
DA:937,6
BRDA:937,55,0,2
DA:938,2
DA:939,2
DA:940,2
DA:943,6
FNF:40
FNH:39
LF:404
LH:318
BRF:59
BRH:29
end_of_record
TN:
SF:src/factory/VaultsFactory.sol
DA:94,16
FN:94,VaultsFactory.initialize
FNDA:16,VaultsFactory.initialize
DA:104,16
DA:105,14
DA:106,4
BRDA:106,0,0,4
DA:107,12
DA:108,12
DA:109,12
DA:110,12
DA:111,12
DA:112,12
DA:114,12
DA:115,12
DA:122,2
FN:122,VaultsFactory.setDiamondCutFacet
FNDA:2,VaultsFactory.setDiamondCutFacet
DA:123,2
DA:130,2
FN:130,VaultsFactory.setAccessControlFacet
FNDA:2,VaultsFactory.setAccessControlFacet
DA:131,2
DA:138,0
FN:138,VaultsFactory.setMaxFinalizationTime
FNDA:0,VaultsFactory.setMaxFinalizationTime
DA:139,0
DA:143,0
FN:143,VaultsFactory.setTrustedFactory
FNDA:0,VaultsFactory.setTrustedFactory
DA:144,0
DA:151,2
FN:151,VaultsFactory.pauseFacet
FNDA:2,VaultsFactory.pauseFacet
DA:152,2
DA:153,2
DA:154,2
DA:155,1
DA:157,1
DA:167,3
FN:167,VaultsFactory.setFacetRestricted
FNDA:3,VaultsFactory.setFacetRestricted
DA:168,3
DA:175,1
FN:175,VaultsFactory.link
FNDA:1,VaultsFactory.link
DA:176,1
BRDA:176,1,0,1
DA:177,1
DA:180,0
DA:187,0
FN:187,VaultsFactory.unlink
FNDA:0,VaultsFactory.unlink
DA:188,0
BRDA:188,2,0,-
DA:189,0
DA:191,0
DA:197,4
FN:197,VaultsFactory.deployVault
FNDA:4,VaultsFactory.deployVault
DA:204,4
DA:222,4
DA:223,4
DA:224,4
DA:225,4
DA:226,4
DA:227,4
DA:228,4
DA:229,11
DA:230,7
DA:231,7
DA:233,7
DA:236,4
DA:242,0
FN:242,VaultsFactory.predictVaultAddress
FNDA:0,VaultsFactory.predictVaultAddress
DA:243,0
DA:246,0
FN:246,VaultsFactory._encodeSpokeKey
FNDA:0,VaultsFactory._encodeSpokeKey
DA:247,0
DA:250,0
FN:250,VaultsFactory._decodeSpokeKey
FNDA:0,VaultsFactory._decodeSpokeKey
DA:251,0
DA:252,0
DA:260,0
FN:260,VaultsFactory.requestRegisterSpoke
FNDA:0,VaultsFactory.requestRegisterSpoke
DA:264,0
BRDA:264,3,0,-
DA:265,0
BRDA:265,4,0,-
DA:266,0
DA:268,0
BRDA:268,5,0,-
DA:269,0
DA:272,0
DA:273,0
DA:275,0
DA:276,0
DA:278,0
BRDA:278,6,0,-
BRDA:278,6,1,-
DA:279,0
DA:280,0
DA:283,0
FN:283,VaultsFactory._lzReceive
FNDA:0,VaultsFactory._lzReceive
DA:291,0
DA:293,0
BRDA:293,7,0,-
BRDA:293,7,1,-
DA:294,0
DA:297,0
BRDA:297,8,0,-
DA:298,0
BRDA:298,9,0,-
DA:299,0
DA:303,0
DA:304,0
BRDA:304,10,0,-
DA:305,0
DA:308,0
DA:309,0
DA:312,0
BRDA:312,11,0,-
DA:313,0
DA:317,0
DA:319,0
DA:320,0
BRDA:320,12,0,-
BRDA:320,12,1,-
DA:322,0
DA:323,0
DA:326,0
DA:327,0
BRDA:327,13,0,-
BRDA:327,13,1,-
DA:329,0
DA:330,0
DA:331,0
DA:334,0
DA:339,0
FN:339,VaultsFactory.hubSendBootstrap
FNDA:0,VaultsFactory.hubSendBootstrap
DA:340,0
BRDA:340,14,0,-
DA:341,0
BRDA:341,15,0,-
DA:342,0
DA:346,0
DA:347,0
DA:348,0
DA:349,0
DA:350,0
BRDA:350,16,0,-
BRDA:350,16,1,-
DA:351,0
DA:355,0
FN:355,VaultsFactory.hubBroadcastSpokeAdded
FNDA:0,VaultsFactory.hubBroadcastSpokeAdded
DA:362,0
BRDA:362,17,0,-
DA:363,0
BRDA:363,18,0,-
DA:364,0
DA:367,0
DA:369,0
DA:370,0
DA:371,0
DA:372,0
DA:374,0
BRDA:374,19,0,-
DA:376,0
DA:378,0
DA:380,0
DA:384,0
FN:384,VaultsFactory._payNative
FNDA:0,VaultsFactory._payNative
DA:386,0
BRDA:386,20,0,-
DA:387,0
BRDA:387,21,0,-
DA:388,0
DA:390,0
BRDA:390,22,0,-
DA:392,0
DA:394,0
DA:401,2
FN:401,VaultsFactory.getDeployedVaults
FNDA:2,VaultsFactory.getDeployedVaults
DA:402,2
DA:409,2
FN:409,VaultsFactory.getVaultsCount
FNDA:2,VaultsFactory.getVaultsCount
DA:410,2
DA:418,3
FN:418,VaultsFactory.isVault
FNDA:3,VaultsFactory.isVault
DA:419,3
DA:427,0
FN:427,VaultsFactory.getLinkedVaults
FNDA:0,VaultsFactory.getLinkedVaults
DA:428,0
DA:435,3
FN:435,VaultsFactory.getRestrictedFacets
FNDA:3,VaultsFactory.getRestrictedFacets
DA:436,3
DA:444,0
FN:444,VaultsFactory.isVaultLinked
FNDA:0,VaultsFactory.isVaultLinked
DA:445,0
DA:451,0
FN:451,VaultsFactory.hubToSpokes
FNDA:0,VaultsFactory.hubToSpokes
DA:456,0
DA:457,0
DA:458,0
DA:459,0
DA:460,0
DA:461,0
DA:462,0
DA:469,0
FN:469,VaultsFactory.isSpokeOfHub
FNDA:0,VaultsFactory.isSpokeOfHub
DA:474,0
DA:480,0
FN:480,VaultsFactory.isCrossChainVault
FNDA:0,VaultsFactory.isCrossChainVault
DA:481,0
DA:487,0
FN:487,VaultsFactory.spokeToHub
FNDA:0,VaultsFactory.spokeToHub
DA:488,0
DA:489,0
DA:490,0
DA:493,14
FN:493,VaultsFactory._setDiamondCutFacet
FNDA:14,VaultsFactory._setDiamondCutFacet
DA:494,14
BRDA:494,24,0,1
DA:495,13
DA:496,13
DA:499,14
FN:499,VaultsFactory._setAccessControlFacet
FNDA:14,VaultsFactory._setAccessControlFacet
DA:500,14
BRDA:500,25,0,1
DA:501,13
DA:502,13
DA:505,12
FN:505,VaultsFactory._setMaxFinalizationTime
FNDA:12,VaultsFactory._setMaxFinalizationTime
DA:506,12
DA:507,12
DA:510,5
FN:510,VaultsFactory._setFacetRestricted
FNDA:5,VaultsFactory._setFacetRestricted
DA:511,4
BRDA:511,26,0,4
BRDA:511,26,1,1
DA:512,1
DA:514,5
DA:517,15
FN:517,VaultsFactory._checkRestrictedFacet
FNDA:15,VaultsFactory._checkRestrictedFacet
DA:518,15
BRDA:518,27,0,-
FNF:33
FNH:16
LF:170
LH:66
BRF:33
BRH:6
end_of_record
TN:
SF:src/libraries/AccessControlLib.sol
DA:57,466
FN:57,AccessControlLib.accessControlStorage
FNDA:466,AccessControlLib.accessControlStorage
DA:58,466
DA:61,0
DA:69,12
FN:69,AccessControlLib.validateOwner
FNDA:12,AccessControlLib.validateOwner
DA:70,12
BRDA:70,0,0,3
DA:71,3
DA:75,5
FN:75,AccessControlLib.validatePendingOwner
FNDA:5,AccessControlLib.validatePendingOwner
DA:76,5
BRDA:76,1,0,2
DA:77,2
DA:85,43
FN:85,AccessControlLib.validateCurator
FNDA:43,AccessControlLib.validateCurator
DA:86,43
BRDA:86,2,0,6
DA:87,6
DA:95,8
FN:95,AccessControlLib.validateGuardian
FNDA:8,AccessControlLib.validateGuardian
DA:96,8
BRDA:96,3,0,2
DA:97,2
DA:101,100
FN:101,AccessControlLib.validateDiamond
FNDA:100,AccessControlLib.validateDiamond
DA:102,100
BRDA:102,4,0,16
DA:103,16
DA:107,10
FN:107,AccessControlLib.validatePermissionForSelector
FNDA:10,AccessControlLib.validatePermissionForSelector
DA:109,10
DA:110,10
DA:111,10
DA:112,10
DA:113,10
DA:114,10
DA:115,10
DA:116,10
DA:117,10
DA:118,10
DA:119,10
DA:120,10
DA:121,10
DA:122,0
BRDA:122,5,0,-
BRDA:108,5,1,10
DA:123,0
DA:125,10
DA:129,7
FN:129,AccessControlLib.setPendingOwner
FNDA:7,AccessControlLib.setPendingOwner
DA:130,7
BRDA:130,6,0,1
DA:131,1
DA:134,6
DA:136,6
DA:143,36
FN:143,AccessControlLib.setVaultOwner
FNDA:36,AccessControlLib.setVaultOwner
DA:144,36
BRDA:144,7,0,1
DA:145,1
DA:148,35
DA:150,35
BRDA:150,8,0,1
DA:151,1
DA:154,34
DA:155,34
DA:157,34
DA:164,37
FN:164,AccessControlLib.setVaultCurator
FNDA:37,AccessControlLib.setVaultCurator
DA:165,37
BRDA:165,9,0,2
DA:166,2
DA:169,35
DA:171,35
BRDA:171,10,0,2
DA:172,2
DA:175,33
DA:176,33
DA:178,33
DA:185,37
FN:185,AccessControlLib.setVaultGuardian
FNDA:37,AccessControlLib.setVaultGuardian
DA:186,37
BRDA:186,11,0,2
DA:187,2
DA:190,35
DA:192,35
BRDA:192,12,0,2
DA:193,2
DA:196,33
DA:197,33
DA:199,33
DA:202,0
FN:202,AccessControlLib.setMoreVaultsRegistry
FNDA:0,AccessControlLib.setMoreVaultsRegistry
DA:203,0
BRDA:203,13,0,-
DA:204,0
DA:207,0
DA:209,0
BRDA:209,14,0,-
DA:210,0
DA:213,0
DA:220,11
FN:220,AccessControlLib.vaultOwner
FNDA:11,AccessControlLib.vaultOwner
DA:221,11
DA:224,2
FN:224,AccessControlLib.pendingOwner
FNDA:2,AccessControlLib.pendingOwner
DA:225,2
DA:232,5
FN:232,AccessControlLib.vaultCurator
FNDA:5,AccessControlLib.vaultCurator
DA:233,5
DA:240,8
FN:240,AccessControlLib.vaultGuardian
FNDA:8,AccessControlLib.vaultGuardian
DA:241,8
DA:248,18
FN:248,AccessControlLib.vaultRegistry
FNDA:18,AccessControlLib.vaultRegistry
DA:249,18
DA:252,11
FN:252,AccessControlLib.setVaultRegistry
FNDA:11,AccessControlLib.setVaultRegistry
DA:253,11
BRDA:253,15,0,-
DA:254,0
DA:256,11
DA:257,11
DA:258,11
DA:260,11
FNF:18
FNH:17
LF:91
LH:80
BRF:17
BRH:13
end_of_record
TN:
SF:src/libraries/MoreVaultsLib.sol
DA:188,1270
FN:188,MoreVaultsLib.moreVaultsStorage
FNDA:1270,MoreVaultsLib.moreVaultsStorage
DA:189,1270
DA:192,0
DA:196,53
FN:196,MoreVaultsLib.getERC4626Storage
FNDA:53,MoreVaultsLib.getERC4626Storage
DA:198,0
DA:202,52
FN:202,MoreVaultsLib.validateAddressWhitelisted
FNDA:52,MoreVaultsLib.validateAddressWhitelisted
DA:203,52
DA:204,52
BRDA:204,0,0,8
DA:207,2
FN:207,MoreVaultsLib.validateAssetAvailable
FNDA:2,MoreVaultsLib.validateAssetAvailable
DA:208,2
DA:209,2
BRDA:209,1,0,-
DA:210,2
BRDA:210,2,0,1
DA:213,11
FN:213,MoreVaultsLib.validateAssetDepositable
FNDA:11,MoreVaultsLib.validateAssetDepositable
DA:214,11
DA:215,11
BRDA:215,3,0,-
DA:216,11
BRDA:216,4,0,1
DA:219,67
FN:219,MoreVaultsLib.validateNotMulticall
FNDA:67,MoreVaultsLib.validateNotMulticall
DA:220,67
DA:221,7
BRDA:221,5,0,7
DA:222,7
DA:226,8
FN:226,MoreVaultsLib.removeTokenIfnecessary
FNDA:8,MoreVaultsLib.removeTokenIfnecessary
DA:227,8
DA:228,8
BRDA:228,6,0,6
DA:229,6
DA:233,102
FN:233,MoreVaultsLib.convertToUnderlying
FNDA:102,MoreVaultsLib.convertToUnderlying
DA:238,102
DA:241,50
DA:242,50
DA:244,50
DA:245,50
DA:246,50
DA:248,50
BRDA:248,8,0,43
DA:249,43
DA:254,7
DA:255,7
DA:256,7
DA:258,7
DA:259,7
DA:260,7
DA:262,7
DA:264,7
DA:265,7
DA:269,7
DA:270,7
BRDA:270,9,0,2
DA:271,2
DA:272,2
DA:274,2
DA:276,2
DA:277,2
DA:279,2
DA:284,7
DA:291,0
FN:291,MoreVaultsLib.convertUnderlyingToUsd
FNDA:0,MoreVaultsLib.convertUnderlyingToUsd
DA:292,0
DA:293,0
DA:294,0
DA:299,3
FN:299,MoreVaultsLib.convertUsdToUnderlying
FNDA:3,MoreVaultsLib.convertUsdToUnderlying
DA:300,3
DA:301,3
DA:302,3
DA:307,69
FN:307,MoreVaultsLib._setFeeRecipient
FNDA:69,MoreVaultsLib._setFeeRecipient
DA:308,69
DA:309,69
BRDA:309,10,0,1
DA:310,1
DA:312,68
DA:313,68
DA:314,68
DA:317,69
FN:317,MoreVaultsLib._setFee
FNDA:69,MoreVaultsLib._setFee
DA:318,69
DA:319,69
DA:320,69
BRDA:320,11,0,1
DA:321,1
DA:323,68
DA:325,68
DA:328,69
FN:328,MoreVaultsLib._setDepositCapacity
FNDA:69,MoreVaultsLib._setDepositCapacity
DA:329,69
DA:330,69
DA:331,69
DA:333,69
DA:336,1
FN:336,MoreVaultsLib._setDepositWhitelist
FNDA:1,MoreVaultsLib._setDepositWhitelist
DA:337,1
DA:338,1
DA:339,1
DA:341,1
DA:346,2
FN:346,MoreVaultsLib._setTimeLockPeriod
FNDA:2,MoreVaultsLib._setTimeLockPeriod
DA:347,2
DA:348,2
DA:349,2
DA:351,2
DA:354,83
FN:354,MoreVaultsLib._addAvailableAsset
FNDA:83,MoreVaultsLib._addAvailableAsset
DA:355,83
BRDA:355,12,0,2
DA:356,2
DA:359,81
DA:360,1
BRDA:360,13,0,1
DA:361,1
DA:364,80
DA:365,80
DA:366,80
DA:367,80
BRDA:367,14,0,-
DA:368,0
DA:371,80
DA:372,80
DA:374,80
DA:377,75
FN:377,MoreVaultsLib._enableAssetToDeposit
FNDA:75,MoreVaultsLib._enableAssetToDeposit
DA:378,75
BRDA:378,15,0,1
DA:379,1
DA:382,74
DA:383,74
BRDA:383,16,0,1
DA:384,1
DA:386,1
BRDA:386,17,0,1
DA:387,1
DA:389,72
DA:390,72
DA:392,72
DA:395,3
FN:395,MoreVaultsLib._disableAssetToDeposit
FNDA:3,MoreVaultsLib._disableAssetToDeposit
DA:396,3
BRDA:396,18,0,1
DA:397,1
DA:400,2
DA:401,2
BRDA:401,19,0,1
DA:402,1
DA:405,1
DA:406,1
DA:407,1
BRDA:407,20,0,1
DA:408,1
DA:409,1
DA:410,0
DA:413,0
DA:417,1
DA:421,21
FN:421,MoreVaultsLib.diamondCut
FNDA:21,MoreVaultsLib.diamondCut
DA:422,21
DA:423,21
DA:425,21
DA:426,35
DA:427,35
DA:430,35
BRDA:430,21,0,34
DA:432,34
BRDA:432,22,0,34
DA:433,34
BRDA:433,23,0,1
DA:434,1
DA:437,33
DA:439,39
DA:441,0
BRDA:441,24,0,-
DA:442,0
DA:445,39
DA:451,34
BRDA:451,25,0,32
BRDA:451,25,1,-
DA:452,32
DA:453,32
DA:454,2
BRDA:454,26,0,1
BRDA:454,26,1,-
DA:455,1
DA:456,1
DA:457,1
BRDA:457,27,0,1
BRDA:457,27,1,-
DA:458,1
DA:460,0
DA:463,32
DA:466,20
DA:469,32
FN:469,MoreVaultsLib.addFunctions
FNDA:32,MoreVaultsLib.addFunctions
DA:470,32
BRDA:470,28,0,-
DA:471,0
DA:473,32
DA:474,32
BRDA:474,29,0,-
DA:475,0
DA:477,32
DA:479,32
BRDA:479,30,0,32
DA:480,32
DA:482,32
DA:483,38
DA:484,38
DA:485,38
BRDA:485,31,0,-
DA:486,0
DA:488,38
DA:489,38
DA:491,38
DA:495,32
BRDA:495,32,0,-
DA:496,0
DA:500,1
FN:500,MoreVaultsLib.replaceFunctions
FNDA:1,MoreVaultsLib.replaceFunctions
DA:501,1
BRDA:501,33,0,-
DA:502,0
DA:504,1
DA:505,1
BRDA:505,34,0,-
DA:506,0
DA:508,1
DA:510,1
BRDA:510,35,0,1
DA:511,1
DA:514,1
DA:515,1
DA:516,1
DA:517,1
DA:518,1
BRDA:518,36,0,-
DA:519,0
DA:521,1
DA:522,1
DA:523,1
DA:525,1
DA:528,1
DA:531,1
FN:531,MoreVaultsLib.removeFunctions
FNDA:1,MoreVaultsLib.removeFunctions
DA:532,1
BRDA:532,37,0,-
DA:533,0
DA:535,1
DA:537,1
BRDA:537,38,0,-
DA:538,0
DA:541,1
DA:542,1
DA:543,1
DA:544,1
DA:546,1
DA:551,33
FN:551,MoreVaultsLib.addFacet
FNDA:33,MoreVaultsLib.addFacet
DA:552,33
DA:553,33
DA:554,33
DA:557,39
FN:557,MoreVaultsLib.addFunction
FNDA:39,MoreVaultsLib.addFunction
DA:563,39
DA:564,39
DA:565,39
DA:568,2
FN:568,MoreVaultsLib.removeFunction
FNDA:2,MoreVaultsLib.removeFunction
DA:571,2
BRDA:571,39,0,-
DA:572,0
DA:575,2
BRDA:575,40,0,-
DA:576,0
DA:579,2
DA:580,2
DA:582,2
BRDA:582,41,0,-
DA:583,0
DA:584,0
DA:585,0
DA:589,2
BRDA:589,42,0,2
DA:591,2
DA:592,2
DA:593,2
BRDA:593,43,0,1
DA:594,1
DA:595,1
DA:596,1
DA:598,2
DA:599,2
DA:602,2
DA:603,2
DA:605,2
DA:611,2
BRDA:611,44,0,-
DA:612,0
DA:617,2
DA:618,2
DA:621,33
FN:621,MoreVaultsLib.initializeAfterAddition
FNDA:33,MoreVaultsLib.initializeAfterAddition
DA:622,33
DA:624,33
DA:625,33
DA:626,33
DA:628,33
BRDA:628,45,0,1
DA:629,1
DA:631,32
BRDA:631,46,0,-
DA:632,0
BRDA:632,47,0,-
BRDA:632,47,1,-
DA:636,0
DA:637,0
DA:640,0
DA:645,0
FN:645,MoreVaultsLib.removeFromBeforeAccounting
FNDA:0,MoreVaultsLib.removeFromBeforeAccounting
DA:648,0
DA:649,0
BRDA:649,48,0,-
DA:650,0
BRDA:650,49,0,-
DA:651,0
DA:652,0
DA:654,0
BRDA:654,50,0,-
DA:655,0
DA:656,0
DA:657,0
DA:661,0
DA:662,0
DA:663,0
DA:666,0
DA:671,3
FN:671,MoreVaultsLib.removeFromFacetsForAccounting
FNDA:3,MoreVaultsLib.removeFromFacetsForAccounting
DA:672,3
DA:673,2
BRDA:673,51,0,2
DA:674,2
BRDA:674,52,0,2
DA:675,2
DA:676,2
BRDA:676,53,0,-
DA:677,0
DA:679,2
DA:680,2
BRDA:680,54,0,-
DA:681,0
DA:684,2
DA:685,2
DA:686,0
DA:689,0
DA:694,66
FN:694,MoreVaultsLib.enforceHasContractCode
FNDA:66,MoreVaultsLib.enforceHasContractCode
DA:695,66
DA:697,0
DA:699,66
BRDA:699,55,0,-
DA:700,0
DA:704,13
FN:704,MoreVaultsLib.checkGasLimitOverflow
FNDA:13,MoreVaultsLib.checkGasLimitOverflow
DA:705,13
DA:707,13
DA:709,13
DA:711,0
DA:712,0
DA:714,0
DA:715,0
DA:717,0
DA:718,0
DA:722,0
DA:723,0
DA:725,0
DA:726,0
DA:730,0
DA:732,0
DA:738,0
BRDA:738,57,0,-
DA:739,0
DA:743,6
FN:743,MoreVaultsLib.withdrawFromRequest
FNDA:6,MoreVaultsLib.withdrawFromRequest
DA:744,6
DA:745,6
DA:747,6
BRDA:747,58,0,-
DA:749,0
DA:752,6
BRDA:752,59,0,6
DA:753,6
DA:754,6
DA:757,0
DA:760,6
FN:760,MoreVaultsLib.isWithdrawableRequest
FNDA:6,MoreVaultsLib.isWithdrawableRequest
DA:761,6
DA:762,6
DA:765,37
FN:765,MoreVaultsLib.factoryAddress
FNDA:37,MoreVaultsLib.factoryAddress
DA:766,37
DA:767,37
DA:770,2
FN:770,MoreVaultsLib._setWhitelistFlag
FNDA:2,MoreVaultsLib._setWhitelistFlag
DA:771,2
DA:772,2
DA:775,59
FN:775,MoreVaultsLib._beforeAccounting
FNDA:59,MoreVaultsLib._beforeAccounting
DA:777,0
DA:778,0
DA:779,0
DA:780,0
DA:781,0
DA:782,0
DA:783,0
DA:784,0
DA:786,0
BRDA:786,60,0,-
DA:787,0
DA:788,0
DA:789,0
DA:795,0
FN:795,MoreVaultsLib._getCrossChainAccountingManager
FNDA:0,MoreVaultsLib._getCrossChainAccountingManager
DA:796,0
DA:797,0
DA:798,0
BRDA:798,61,0,-
DA:799,0
DA:802,0
FNF:36
FNH:33
LF:338
LH:253
BRF:64
BRH:31
end_of_record
TN:
SF:src/registry/BaseVaultsRegistry.sol
DA:39,55
FN:39,BaseVaultsRegistry.initialize
FNDA:55,BaseVaultsRegistry.initialize
DA:40,55
BRDA:40,0,0,1
DA:42,0
DA:43,54
DA:44,54
BRDA:44,1,0,-
DA:45,0
BRDA:45,2,0,-
DA:47,54
DA:48,54
DA:59,3
FN:59,BaseVaultsRegistry.updateOracleRegistry
FNDA:3,BaseVaultsRegistry.updateOracleRegistry
DA:60,2
BRDA:60,3,0,1
DA:62,1
DA:63,1
DA:65,1
DA:76,0
FN:76,BaseVaultsRegistry.facetsList
FNDA:0,BaseVaultsRegistry.facetsList
DA:77,0
DA:83,7
FN:83,BaseVaultsRegistry.getFacetSelectors
FNDA:7,BaseVaultsRegistry.getFacetSelectors
DA:84,7
DA:90,9
FN:90,BaseVaultsRegistry.getAllowedFacets
FNDA:9,BaseVaultsRegistry.getAllowedFacets
DA:91,9
DA:102,4
FN:102,BaseVaultsRegistry.getDenominationAsset
FNDA:4,BaseVaultsRegistry.getDenominationAsset
DA:103,4
DA:104,2
DA:110,4
FN:110,BaseVaultsRegistry.getDenominationAssetDecimals
FNDA:4,BaseVaultsRegistry.getDenominationAssetDecimals
DA:111,4
DA:112,4
BRDA:112,5,0,2
BRDA:112,5,1,-
DA:113,2
DA:115,2
DA:122,9
FN:122,BaseVaultsRegistry.isFacetAllowed
FNDA:9,BaseVaultsRegistry.isFacetAllowed
DA:123,9
DA:134,0
FN:134,BaseVaultsRegistry.editFacet
FNDA:0,BaseVaultsRegistry.editFacet
DA:161,6
FN:161,BaseVaultsRegistry._setWhitelisted
FNDA:6,BaseVaultsRegistry._setWhitelisted
DA:162,6
DA:163,6
DA:171,7
FN:171,BaseVaultsRegistry._isWhitelisted
FNDA:7,BaseVaultsRegistry._isWhitelisted
DA:172,7
FNF:11
FNH:9
LF:35
LH:30
BRF:6
BRH:3
end_of_record
TN:
SF:src/registry/OracleRegistry.sol
DA:33,9
FN:33,OracleRegistry.initialize
FNDA:9,OracleRegistry.initialize
DA:40,0
DA:41,9
DA:42,9
DA:44,9
DA:45,9
DA:46,9
DA:47,9
DA:50,3
FN:50,OracleRegistry.setOracleInfos
FNDA:3,OracleRegistry.setOracleInfos
DA:54,3
DA:57,0
FN:57,OracleRegistry.setSpokeOracleInfos
FNDA:0,OracleRegistry.setSpokeOracleInfos
DA:61,0
DA:69,12
FN:69,OracleRegistry._setOracleInfos
FNDA:12,OracleRegistry._setOracleInfos
DA:70,12
BRDA:70,0,0,1
DA:71,1
DA:73,11
DA:75,11
BRDA:75,1,0,10
DA:76,10
BRDA:76,2,0,1
DA:77,1
DA:80,10
DA:81,10
DA:82,10
DA:84,10
DA:92,0
FN:92,OracleRegistry._setSpokeOracleInfos
FNDA:0,OracleRegistry._setSpokeOracleInfos
DA:93,0
BRDA:93,3,0,-
DA:94,0
DA:96,0
DA:97,0
DA:98,0
DA:100,0
DA:105,0
FN:105,OracleRegistry.getSpokeValue
FNDA:0,OracleRegistry.getSpokeValue
DA:106,0
DA:108,0
DA:112,0
BRDA:112,4,0,-
DA:113,0
DA:115,0
DA:116,0
DA:119,5
FN:119,OracleRegistry.getAssetPrice
FNDA:5,OracleRegistry.getAssetPrice
DA:120,5
DA:122,5
BRDA:122,5,0,1
BRDA:122,5,1,-
DA:123,1
DA:125,4
DA:126,4
DA:127,4
DA:131,1
FN:131,OracleRegistry.getAssetsPrices
FNDA:1,OracleRegistry.getAssetsPrices
DA:132,1
DA:133,1
DA:134,1
DA:136,1
DA:139,0
DA:142,3
FN:142,OracleRegistry.getOracleInfo
FNDA:3,OracleRegistry.getOracleInfo
DA:143,3
DA:146,0
FN:146,OracleRegistry.getSpokeOracleInfo
FNDA:0,OracleRegistry.getSpokeOracleInfo
DA:147,0
DA:150,4
FN:150,OracleRegistry._verifyAnswer
FNDA:4,OracleRegistry._verifyAnswer
DA:151,4
BRDA:151,6,0,1
DA:152,1
DA:154,3
BRDA:154,7,0,1
DA:155,1
FNF:11
FNH:7
LF:59
LH:39
BRF:9
BRH:6
end_of_record
TN:
SF:src/registry/VaultsRegistry.sol
DA:40,1
FN:40,VaultsRegistry.isPermissionless
FNDA:1,VaultsRegistry.isPermissionless
DA:41,1
DA:47,21
FN:47,VaultsRegistry.addFacet
FNDA:21,VaultsRegistry.addFacet
DA:48,20
BRDA:48,0,0,1
DA:50,19
BRDA:50,1,0,17
DA:51,17
DA:52,17
DA:55,19
DA:56,32
DA:57,32
BRDA:57,2,0,1
DA:58,1
DA:61,31
DA:62,31
DA:65,31
DA:69,18
DA:75,10
FN:75,VaultsRegistry.editFacet
FNDA:10,VaultsRegistry.editFacet
DA:80,9
BRDA:80,3,0,1
DA:81,8
BRDA:81,4,0,1
DA:82,7
BRDA:82,5,0,1
DA:83,1
DA:86,6
DA:87,7
DA:88,2
BRDA:88,6,0,2
BRDA:88,6,1,4
DA:89,2
BRDA:89,7,0,1
DA:90,1
DA:93,1
DA:94,1
DA:96,5
BRDA:96,8,0,1
DA:97,1
DA:99,4
DA:101,4
DA:102,4
DA:103,4
BRDA:103,9,0,4
DA:104,4
DA:105,4
DA:106,4
DA:109,0
DA:115,1
DA:118,4
BRDA:118,10,0,1
DA:119,1
DA:120,1
DA:123,4
DA:129,4
FN:129,VaultsRegistry.removeFacet
FNDA:4,VaultsRegistry.removeFacet
DA:130,3
BRDA:130,11,0,1
DA:133,2
DA:136,2
DA:139,2
DA:140,2
DA:141,3
DA:143,3
DA:146,2
DA:148,2
DA:154,4
FN:154,VaultsRegistry.setProtocolFeeInfo
FNDA:4,VaultsRegistry.setProtocolFeeInfo
DA:159,3
BRDA:159,12,0,1
DA:160,2
BRDA:160,13,0,1
DA:162,1
DA:164,1
DA:167,3
FN:167,VaultsRegistry.setSelectorAndMask
FNDA:3,VaultsRegistry.setSelectorAndMask
DA:171,2
DA:177,1
FN:177,VaultsRegistry.protocolFeeInfo
FNDA:1,VaultsRegistry.protocolFeeInfo
DA:178,1
DA:184,5
FN:184,VaultsRegistry.addToWhitelist
FNDA:5,VaultsRegistry.addToWhitelist
DA:185,4
DA:191,3
FN:191,VaultsRegistry.removeFromWhitelist
FNDA:3,VaultsRegistry.removeFromWhitelist
DA:192,2
DA:198,7
FN:198,VaultsRegistry.isWhitelisted
FNDA:7,VaultsRegistry.isWhitelisted
DA:199,7
DA:202,3
FN:202,VaultsRegistry.selectorInfo
FNDA:3,VaultsRegistry.selectorInfo
DA:203,3
DA:209,2
FN:209,VaultsRegistry.setBridge
FNDA:2,VaultsRegistry.setBridge
DA:210,2
DA:211,2
DA:214,2
FN:214,VaultsRegistry.setIsCrossChainAccountingManager
FNDA:2,VaultsRegistry.setIsCrossChainAccountingManager
DA:215,2
DA:217,2
DA:223,1
FN:223,VaultsRegistry.setDefaultCrossChainAccountingManager
FNDA:1,VaultsRegistry.setDefaultCrossChainAccountingManager
DA:224,1
DA:226,1
DA:232,3
FN:232,VaultsRegistry.isBridgeAllowed
FNDA:3,VaultsRegistry.isBridgeAllowed
DA:233,3
DA:239,3
FN:239,VaultsRegistry.isCrossChainAccountingManager
FNDA:3,VaultsRegistry.isCrossChainAccountingManager
DA:240,3
DA:248,9
FN:248,VaultsRegistry._isFacetAllowed
FNDA:9,VaultsRegistry._isFacetAllowed
DA:249,9
FNF:17
FNH:17
LF:84
LH:83
BRF:15
BRH:15
end_of_record
